2026-01-02 04:40:11,410 - INFO - 開始實驗: 實驗1
2026-01-02 04:44:24,499 - INFO - 
2026-01-02 04:44:24,500 - INFO - 評估結果 (樣本數: 500)
2026-01-02 04:44:24,500 - INFO - 
2026-01-02 04:44:24,500 - INFO - 排序指標:
2026-01-02 04:44:24,500 - INFO -   Precision@10 = 0.0558
2026-01-02 04:44:24,500 - INFO -   Recall@10    = 0.5580
2026-01-02 04:44:24,500 - INFO -   Hit Rate@10  = 0.5580
2026-01-02 04:44:24,500 - INFO -   MRR          = 0.3636
2026-01-02 04:44:24,500 - INFO -   NDCG@10      = 0.4100
2026-01-02 04:44:24,500 - INFO - 
2026-01-02 04:44:24,500 - INFO - 評分預測指標:
2026-01-02 04:44:24,500 - INFO -   RMSE = 1.0514
2026-01-02 04:44:24,501 - INFO -   MAE  = 0.9253
2026-01-02 04:44:24,501 - INFO - 
2026-01-02 04:44:24,501 - INFO - 系統資源:
2026-01-02 04:44:24,501 - INFO -   記憶體峰值: 1009.84 MB
2026-01-02 04:44:24,501 - INFO - 
2026-01-02 04:44:24,501 - INFO - 總執行時間: 252.96 秒
2026-01-02 04:44:24,501 - INFO - 各階段執行時間:
2026-01-02 04:44:24,501 - INFO -   載入資料: 5.98 秒 (2.4%)
2026-01-02 04:44:24,501 - INFO -   建立映射: 0.07 秒 (0.0%)
2026-01-02 04:44:24,502 - INFO -   建立稀疏矩陣: 0.06 秒 (0.0%)
2026-01-02 04:44:24,502 - INFO -   訓練 KNN: 0.05 秒 (0.0%)
2026-01-02 04:44:24,502 - INFO -   評估: 246.80 秒 (97.6%)
2026-01-02 04:44:24,502 - INFO - 
2026-01-02 04:44:24,502 - INFO - 實驗完成: 實驗1
