2026-01-02 07:39:39,928 - INFO - 開始配置: BIAS_003
2026-01-02 07:40:00,488 - INFO - 
2026-01-02 07:40:00,488 - INFO - 已寫入 JSON 摘要: BIAS_003.json
2026-01-02 07:40:00,488 - INFO - 評估結果 (樣本數: 500)
2026-01-02 07:40:00,488 - INFO - 
2026-01-02 07:40:00,488 - INFO - 排序指標:
2026-01-02 07:40:00,488 - INFO -   Precision@10 = 0.0668
2026-01-02 07:40:00,488 - INFO -   Recall@10    = 0.6680
2026-01-02 07:40:00,488 - INFO -   Hit Rate@10  = 0.6680
2026-01-02 07:40:00,488 - INFO -   MRR          = 0.4841
2026-01-02 07:40:00,488 - INFO -   NDCG@10      = 0.5280
2026-01-02 07:40:00,488 - INFO - 
2026-01-02 07:40:00,488 - INFO - 評分預測指標:
2026-01-02 07:40:00,488 - INFO -   RMSE = 0.9753
2026-01-02 07:40:00,488 - INFO -   MAE  = 0.8627
2026-01-02 07:40:00,488 - INFO - 
2026-01-02 07:40:00,488 - INFO - 系統資源:
2026-01-02 07:40:00,488 - INFO -   記憶體峰值: 2647.97 MB
2026-01-02 07:40:00,488 - INFO - 
2026-01-02 07:40:00,488 - INFO - 總執行時間: 20.53 秒
2026-01-02 07:40:00,488 - INFO - 各階段執行時間:
2026-01-02 07:40:00,488 - INFO -   載入資料: 6.01 秒 (29.3%)
2026-01-02 07:40:00,488 - INFO -   建立映射: 0.50 秒 (2.4%)
2026-01-02 07:40:00,488 - INFO -   計算 Item Bias: 0.17 秒 (0.8%)
2026-01-02 07:40:00,488 - INFO -   建立稀疏矩陣: 0.12 秒 (0.6%)
2026-01-02 07:40:00,488 - INFO -   SVD 降維: 11.11 秒 (54.1%)
2026-01-02 07:40:00,488 - INFO -   訓練 KNN: 0.04 秒 (0.2%)
2026-01-02 07:40:00,488 - INFO -   評估: 2.58 秒 (12.6%)
2026-01-02 07:40:00,488 - INFO - 
2026-01-02 07:40:00,488 - INFO - 配置完成: BIAS_003
