2026-01-02 07:39:19,608 - INFO - 開始配置: BIAS_002
2026-01-02 07:39:39,211 - INFO - 
2026-01-02 07:39:39,211 - INFO - 已寫入 JSON 摘要: BIAS_002.json
2026-01-02 07:39:39,211 - INFO - 評估結果 (樣本數: 500)
2026-01-02 07:39:39,211 - INFO - 
2026-01-02 07:39:39,211 - INFO - 排序指標:
2026-01-02 07:39:39,211 - INFO -   Precision@10 = 0.0668
2026-01-02 07:39:39,211 - INFO -   Recall@10    = 0.6680
2026-01-02 07:39:39,211 - INFO -   Hit Rate@10  = 0.6680
2026-01-02 07:39:39,212 - INFO -   MRR          = 0.4841
2026-01-02 07:39:39,212 - INFO -   NDCG@10      = 0.5280
2026-01-02 07:39:39,212 - INFO - 
2026-01-02 07:39:39,212 - INFO - 評分預測指標:
2026-01-02 07:39:39,212 - INFO -   RMSE = 0.9753
2026-01-02 07:39:39,212 - INFO -   MAE  = 0.8627
2026-01-02 07:39:39,212 - INFO - 
2026-01-02 07:39:39,212 - INFO - 系統資源:
2026-01-02 07:39:39,212 - INFO -   記憶體峰值: 2632.16 MB
2026-01-02 07:39:39,212 - INFO - 
2026-01-02 07:39:39,212 - INFO - 總執行時間: 19.57 秒
2026-01-02 07:39:39,212 - INFO - 各階段執行時間:
2026-01-02 07:39:39,212 - INFO -   載入資料: 6.05 秒 (30.9%)
2026-01-02 07:39:39,212 - INFO -   建立映射: 0.50 秒 (2.5%)
2026-01-02 07:39:39,212 - INFO -   計算 Item Bias: 0.17 秒 (0.9%)
2026-01-02 07:39:39,212 - INFO -   建立稀疏矩陣: 0.12 秒 (0.6%)
2026-01-02 07:39:39,212 - INFO -   SVD 降維: 10.08 秒 (51.5%)
2026-01-02 07:39:39,212 - INFO -   訓練 KNN: 0.03 秒 (0.2%)
2026-01-02 07:39:39,212 - INFO -   評估: 2.62 秒 (13.4%)
2026-01-02 07:39:39,212 - INFO - 
2026-01-02 07:39:39,212 - INFO - 配置完成: BIAS_002
