2026-01-02 07:38:58,993 - INFO - 開始配置: BIAS_001
2026-01-02 07:39:18,877 - INFO - 
2026-01-02 07:39:18,877 - INFO - 已寫入 JSON 摘要: BIAS_001.json
2026-01-02 07:39:18,877 - INFO - 評估結果 (樣本數: 500)
2026-01-02 07:39:18,877 - INFO - 
2026-01-02 07:39:18,877 - INFO - 排序指標:
2026-01-02 07:39:18,877 - INFO -   Precision@10 = 0.0668
2026-01-02 07:39:18,877 - INFO -   Recall@10    = 0.6680
2026-01-02 07:39:18,877 - INFO -   Hit Rate@10  = 0.6680
2026-01-02 07:39:18,877 - INFO -   MRR          = 0.4841
2026-01-02 07:39:18,877 - INFO -   NDCG@10      = 0.5280
2026-01-02 07:39:18,877 - INFO - 
2026-01-02 07:39:18,877 - INFO - 評分預測指標:
2026-01-02 07:39:18,877 - INFO -   RMSE = 0.9745
2026-01-02 07:39:18,877 - INFO -   MAE  = 0.8650
2026-01-02 07:39:18,877 - INFO - 
2026-01-02 07:39:18,877 - INFO - 系統資源:
2026-01-02 07:39:18,877 - INFO -   記憶體峰值: 2629.39 MB
2026-01-02 07:39:18,877 - INFO - 
2026-01-02 07:39:18,877 - INFO - 總執行時間: 19.85 秒
2026-01-02 07:39:18,877 - INFO - 各階段執行時間:
2026-01-02 07:39:18,877 - INFO -   載入資料: 6.05 秒 (30.5%)
2026-01-02 07:39:18,877 - INFO -   建立映射: 0.49 秒 (2.5%)
2026-01-02 07:39:18,877 - INFO -   建立稀疏矩陣: 0.12 秒 (0.6%)
2026-01-02 07:39:18,877 - INFO -   SVD 降維: 10.51 秒 (52.9%)
2026-01-02 07:39:18,877 - INFO -   訓練 KNN: 0.04 秒 (0.2%)
2026-01-02 07:39:18,877 - INFO -   評估: 2.64 秒 (13.3%)
2026-01-02 07:39:18,877 - INFO - 
2026-01-02 07:39:18,877 - INFO - 配置完成: BIAS_001
