2026-01-02 07:40:26,382 - INFO - 開始配置: DS_004
2026-01-02 07:40:35,342 - INFO - 
2026-01-02 07:40:35,342 - INFO - 已寫入 JSON 摘要: DS_004.json
2026-01-02 07:40:35,342 - INFO - 評估結果 (樣本數: 500)
2026-01-02 07:40:35,342 - INFO - 
2026-01-02 07:40:35,342 - INFO - 排序指標:
2026-01-02 07:40:35,342 - INFO -   Precision@10 = 0.0680
2026-01-02 07:40:35,342 - INFO -   Recall@10    = 0.6800
2026-01-02 07:40:35,342 - INFO -   Hit Rate@10  = 0.6800
2026-01-02 07:40:35,342 - INFO -   MRR          = 0.4678
2026-01-02 07:40:35,342 - INFO -   NDCG@10      = 0.5183
2026-01-02 07:40:35,342 - INFO - 
2026-01-02 07:40:35,342 - INFO - 評分預測指標:
2026-01-02 07:40:35,342 - INFO -   RMSE = 0.9893
2026-01-02 07:40:35,342 - INFO -   MAE  = 0.8664
2026-01-02 07:40:35,342 - INFO - 
2026-01-02 07:40:35,342 - INFO - 系統資源:
2026-01-02 07:40:35,342 - INFO -   記憶體峰值: 2733.53 MB
2026-01-02 07:40:35,342 - INFO - 
2026-01-02 07:40:35,342 - INFO - 總執行時間: 8.93 秒
2026-01-02 07:40:35,342 - INFO - 各階段執行時間:
2026-01-02 07:40:35,342 - INFO -   載入資料: 6.16 秒 (69.0%)
2026-01-02 07:40:35,342 - INFO -   建立映射: 0.50 秒 (5.6%)
2026-01-02 07:40:35,342 - INFO -   建立稀疏矩陣: 0.12 秒 (1.4%)
2026-01-02 07:40:35,342 - INFO -   訓練 KNN: 0.06 秒 (0.7%)
2026-01-02 07:40:35,342 - INFO -   評估: 2.09 秒 (23.4%)
2026-01-02 07:40:35,342 - INFO - 
2026-01-02 07:40:35,342 - INFO - 配置完成: DS_004
