2026-01-02 07:40:17,966 - INFO - 開始配置: DS_003
2026-01-02 07:40:25,666 - INFO - 
2026-01-02 07:40:25,666 - INFO - 已寫入 JSON 摘要: DS_003.json
2026-01-02 07:40:25,666 - INFO - 評估結果 (樣本數: 500)
2026-01-02 07:40:25,666 - INFO - 
2026-01-02 07:40:25,666 - INFO - 排序指標:
2026-01-02 07:40:25,666 - INFO -   Precision@10 = 0.0668
2026-01-02 07:40:25,666 - INFO -   Recall@10    = 0.6680
2026-01-02 07:40:25,666 - INFO -   Hit Rate@10  = 0.6680
2026-01-02 07:40:25,666 - INFO -   MRR          = 0.4647
2026-01-02 07:40:25,666 - INFO -   NDCG@10      = 0.5132
2026-01-02 07:40:25,666 - INFO - 
2026-01-02 07:40:25,666 - INFO - 評分預測指標:
2026-01-02 07:40:25,666 - INFO -   RMSE = 1.0055
2026-01-02 07:40:25,666 - INFO -   MAE  = 0.8672
2026-01-02 07:40:25,666 - INFO - 
2026-01-02 07:40:25,666 - INFO - 系統資源:
2026-01-02 07:40:25,666 - INFO -   記憶體峰值: 1781.73 MB
2026-01-02 07:40:25,666 - INFO - 
2026-01-02 07:40:25,666 - INFO - 總執行時間: 7.67 秒
2026-01-02 07:40:25,666 - INFO - 各階段執行時間:
2026-01-02 07:40:25,666 - INFO -   載入資料: 5.92 秒 (77.2%)
2026-01-02 07:40:25,666 - INFO -   建立映射: 0.28 秒 (3.7%)
2026-01-02 07:40:25,666 - INFO -   建立稀疏矩陣: 0.09 秒 (1.1%)
2026-01-02 07:40:25,666 - INFO -   訓練 KNN: 0.04 秒 (0.6%)
2026-01-02 07:40:25,666 - INFO -   評估: 1.33 秒 (17.4%)
2026-01-02 07:40:25,666 - INFO - 
2026-01-02 07:40:25,666 - INFO - 配置完成: DS_003
