2026-01-02 07:40:01,183 - INFO - 開始配置: DS_001
2026-01-02 07:40:08,998 - INFO - 
2026-01-02 07:40:08,998 - INFO - 已寫入 JSON 摘要: DS_001.json
2026-01-02 07:40:08,998 - INFO - 評估結果 (樣本數: 500)
2026-01-02 07:40:08,998 - INFO - 
2026-01-02 07:40:08,998 - INFO - 排序指標:
2026-01-02 07:40:08,998 - INFO -   Precision@10 = 0.0558
2026-01-02 07:40:08,998 - INFO -   Recall@10    = 0.5580
2026-01-02 07:40:08,998 - INFO -   Hit Rate@10  = 0.5580
2026-01-02 07:40:08,998 - INFO -   MRR          = 0.3636
2026-01-02 07:40:08,999 - INFO -   NDCG@10      = 0.4100
2026-01-02 07:40:08,999 - INFO - 
2026-01-02 07:40:08,999 - INFO - 評分預測指標:
2026-01-02 07:40:08,999 - INFO -   RMSE = 1.0514
2026-01-02 07:40:08,999 - INFO -   MAE  = 0.9253
2026-01-02 07:40:08,999 - INFO - 
2026-01-02 07:40:08,999 - INFO - 系統資源:
2026-01-02 07:40:08,999 - INFO -   記憶體峰值: 1559.34 MB
2026-01-02 07:40:08,999 - INFO - 
2026-01-02 07:40:08,999 - INFO - 總執行時間: 7.79 秒
2026-01-02 07:40:08,999 - INFO - 各階段執行時間:
2026-01-02 07:40:08,999 - INFO -   載入資料: 5.97 秒 (76.7%)
2026-01-02 07:40:08,999 - INFO -   建立映射: 0.07 秒 (0.9%)
2026-01-02 07:40:08,999 - INFO -   建立稀疏矩陣: 0.06 秒 (0.7%)
2026-01-02 07:40:08,999 - INFO -   訓練 KNN: 1.02 秒 (13.1%)
2026-01-02 07:40:08,999 - INFO -   評估: 0.67 秒 (8.6%)
2026-01-02 07:40:08,999 - INFO - 
2026-01-02 07:40:08,999 - INFO - 配置完成: DS_001
