2026-01-02 07:40:09,701 - INFO - 開始配置: DS_002
2026-01-02 07:40:17,252 - INFO - 
2026-01-02 07:40:17,253 - INFO - 已寫入 JSON 摘要: DS_002.json
2026-01-02 07:40:17,253 - INFO - 評估結果 (樣本數: 500)
2026-01-02 07:40:17,253 - INFO - 
2026-01-02 07:40:17,253 - INFO - 排序指標:
2026-01-02 07:40:17,253 - INFO -   Precision@10 = 0.0684
2026-01-02 07:40:17,253 - INFO -   Recall@10    = 0.6840
2026-01-02 07:40:17,253 - INFO -   Hit Rate@10  = 0.6840
2026-01-02 07:40:17,253 - INFO -   MRR          = 0.4702
2026-01-02 07:40:17,253 - INFO -   NDCG@10      = 0.5215
2026-01-02 07:40:17,253 - INFO - 
2026-01-02 07:40:17,253 - INFO - 評分預測指標:
2026-01-02 07:40:17,253 - INFO -   RMSE = 0.9417
2026-01-02 07:40:17,253 - INFO -   MAE  = 0.8235
2026-01-02 07:40:17,253 - INFO - 
2026-01-02 07:40:17,253 - INFO - 系統資源:
2026-01-02 07:40:17,253 - INFO -   記憶體峰值: 1204.62 MB
2026-01-02 07:40:17,253 - INFO - 
2026-01-02 07:40:17,253 - INFO - 總執行時間: 7.52 秒
2026-01-02 07:40:17,253 - INFO - 各階段執行時間:
2026-01-02 07:40:17,253 - INFO -   載入資料: 6.19 秒 (82.4%)
2026-01-02 07:40:17,253 - INFO -   建立映射: 0.17 秒 (2.3%)
2026-01-02 07:40:17,253 - INFO -   建立稀疏矩陣: 0.07 秒 (0.9%)
2026-01-02 07:40:17,253 - INFO -   訓練 KNN: 0.05 秒 (0.6%)
2026-01-02 07:40:17,253 - INFO -   評估: 1.04 秒 (13.8%)
2026-01-02 07:40:17,253 - INFO - 
2026-01-02 07:40:17,253 - INFO - 配置完成: DS_002
