2026-01-02 07:40:36,099 - INFO - 開始配置: FILTER_001
2026-01-02 07:40:55,097 - INFO - 
2026-01-02 07:40:55,097 - INFO - 已寫入 JSON 摘要: FILTER_001.json
2026-01-02 07:40:55,097 - INFO - 評估結果 (樣本數: 500)
2026-01-02 07:40:55,097 - INFO - 
2026-01-02 07:40:55,097 - INFO - 排序指標:
2026-01-02 07:40:55,097 - INFO -   Precision@10 = 0.0652
2026-01-02 07:40:55,097 - INFO -   Recall@10    = 0.6520
2026-01-02 07:40:55,097 - INFO -   Hit Rate@10  = 0.6520
2026-01-02 07:40:55,097 - INFO -   MRR          = 0.4751
2026-01-02 07:40:55,097 - INFO -   NDCG@10      = 0.5176
2026-01-02 07:40:55,097 - INFO - 
2026-01-02 07:40:55,097 - INFO - 評分預測指標:
2026-01-02 07:40:55,097 - INFO -   RMSE = 0.9845
2026-01-02 07:40:55,097 - INFO -   MAE  = 0.8629
2026-01-02 07:40:55,097 - INFO - 
2026-01-02 07:40:55,097 - INFO - 系統資源:
2026-01-02 07:40:55,097 - INFO -   記憶體峰值: 2573.21 MB
2026-01-02 07:40:55,097 - INFO - 
2026-01-02 07:40:55,097 - INFO - 總執行時間: 18.96 秒
2026-01-02 07:40:55,097 - INFO - 各階段執行時間:
2026-01-02 07:40:55,097 - INFO -   載入資料: 6.15 秒 (32.4%)
2026-01-02 07:40:55,097 - INFO -   建立映射: 0.50 秒 (2.7%)
2026-01-02 07:40:55,097 - INFO -   建立稀疏矩陣: 0.12 秒 (0.6%)
2026-01-02 07:40:55,098 - INFO -   SVD 降維: 10.52 秒 (55.5%)
2026-01-02 07:40:55,098 - INFO -   訓練 KNN: 0.04 秒 (0.2%)
2026-01-02 07:40:55,098 - INFO -   評估: 1.63 秒 (8.6%)
2026-01-02 07:40:55,098 - INFO - 
2026-01-02 07:40:55,098 - INFO - 配置完成: FILTER_001
