2026-01-02 07:41:35,925 - INFO - 開始配置: FILTER_004
2026-01-02 07:41:55,517 - INFO - 
2026-01-02 07:41:55,518 - INFO - 已寫入 JSON 摘要: FILTER_004.json
2026-01-02 07:41:55,518 - INFO - 評估結果 (樣本數: 500)
2026-01-02 07:41:55,518 - INFO - 
2026-01-02 07:41:55,518 - INFO - 排序指標:
2026-01-02 07:41:55,518 - INFO -   Precision@10 = 0.0666
2026-01-02 07:41:55,518 - INFO -   Recall@10    = 0.6660
2026-01-02 07:41:55,518 - INFO -   Hit Rate@10  = 0.6660
2026-01-02 07:41:55,518 - INFO -   MRR          = 0.4841
2026-01-02 07:41:55,518 - INFO -   NDCG@10      = 0.5278
2026-01-02 07:41:55,518 - INFO - 
2026-01-02 07:41:55,518 - INFO - 評分預測指標:
2026-01-02 07:41:55,518 - INFO -   RMSE = 0.9839
2026-01-02 07:41:55,518 - INFO -   MAE  = 0.8568
2026-01-02 07:41:55,518 - INFO - 
2026-01-02 07:41:55,518 - INFO - 系統資源:
2026-01-02 07:41:55,518 - INFO -   記憶體峰值: 2666.68 MB
2026-01-02 07:41:55,518 - INFO - 
2026-01-02 07:41:55,518 - INFO - 總執行時間: 19.56 秒
2026-01-02 07:41:55,518 - INFO - 各階段執行時間:
2026-01-02 07:41:55,518 - INFO -   載入資料: 6.50 秒 (33.2%)
2026-01-02 07:41:55,518 - INFO -   建立映射: 0.49 秒 (2.5%)
2026-01-02 07:41:55,518 - INFO -   建立稀疏矩陣: 0.13 秒 (0.6%)
2026-01-02 07:41:55,518 - INFO -   SVD 降維: 10.63 秒 (54.3%)
2026-01-02 07:41:55,518 - INFO -   訓練 KNN: 0.04 秒 (0.2%)
2026-01-02 07:41:55,518 - INFO -   評估: 1.78 秒 (9.1%)
2026-01-02 07:41:55,518 - INFO - 
2026-01-02 07:41:55,518 - INFO - 配置完成: FILTER_004
