2026-01-02 07:41:15,739 - INFO - 開始配置: FILTER_003
2026-01-02 07:41:35,190 - INFO - 
2026-01-02 07:41:35,190 - INFO - 已寫入 JSON 摘要: FILTER_003.json
2026-01-02 07:41:35,190 - INFO - 評估結果 (樣本數: 500)
2026-01-02 07:41:35,190 - INFO - 
2026-01-02 07:41:35,190 - INFO - 排序指標:
2026-01-02 07:41:35,190 - INFO -   Precision@10 = 0.0660
2026-01-02 07:41:35,190 - INFO -   Recall@10    = 0.6600
2026-01-02 07:41:35,190 - INFO -   Hit Rate@10  = 0.6600
2026-01-02 07:41:35,190 - INFO -   MRR          = 0.4916
2026-01-02 07:41:35,190 - INFO -   NDCG@10      = 0.5316
2026-01-02 07:41:35,190 - INFO - 
2026-01-02 07:41:35,190 - INFO - 評分預測指標:
2026-01-02 07:41:35,190 - INFO -   RMSE = 0.9767
2026-01-02 07:41:35,190 - INFO -   MAE  = 0.8513
2026-01-02 07:41:35,190 - INFO - 
2026-01-02 07:41:35,190 - INFO - 系統資源:
2026-01-02 07:41:35,190 - INFO -   記憶體峰值: 2743.50 MB
2026-01-02 07:41:35,190 - INFO - 
2026-01-02 07:41:35,190 - INFO - 總執行時間: 19.42 秒
2026-01-02 07:41:35,190 - INFO - 各階段執行時間:
2026-01-02 07:41:35,190 - INFO -   載入資料: 6.60 秒 (34.0%)
2026-01-02 07:41:35,190 - INFO -   建立映射: 0.49 秒 (2.5%)
2026-01-02 07:41:35,190 - INFO -   建立稀疏矩陣: 0.12 秒 (0.6%)
2026-01-02 07:41:35,190 - INFO -   SVD 降維: 10.48 秒 (54.0%)
2026-01-02 07:41:35,190 - INFO -   訓練 KNN: 0.04 秒 (0.2%)
2026-01-02 07:41:35,190 - INFO -   評估: 1.69 秒 (8.7%)
2026-01-02 07:41:35,190 - INFO - 
2026-01-02 07:41:35,190 - INFO - 配置完成: FILTER_003
