2026-01-02 07:41:56,235 - INFO - 開始配置: FILTER_005
2026-01-02 07:42:14,676 - INFO - 
2026-01-02 07:42:14,676 - INFO - 已寫入 JSON 摘要: FILTER_005.json
2026-01-02 07:42:14,676 - INFO - 評估結果 (樣本數: 500)
2026-01-02 07:42:14,676 - INFO - 
2026-01-02 07:42:14,676 - INFO - 排序指標:
2026-01-02 07:42:14,676 - INFO -   Precision@10 = 0.0660
2026-01-02 07:42:14,676 - INFO -   Recall@10    = 0.6600
2026-01-02 07:42:14,676 - INFO -   Hit Rate@10  = 0.6600
2026-01-02 07:42:14,676 - INFO -   MRR          = 0.4846
2026-01-02 07:42:14,676 - INFO -   NDCG@10      = 0.5264
2026-01-02 07:42:14,676 - INFO - 
2026-01-02 07:42:14,676 - INFO - 評分預測指標:
2026-01-02 07:42:14,676 - INFO -   RMSE = 0.9839
2026-01-02 07:42:14,676 - INFO -   MAE  = 0.8583
2026-01-02 07:42:14,676 - INFO - 
2026-01-02 07:42:14,676 - INFO - 系統資源:
2026-01-02 07:42:14,676 - INFO -   記憶體峰值: 2653.13 MB
2026-01-02 07:42:14,676 - INFO - 
2026-01-02 07:42:14,676 - INFO - 總執行時間: 18.41 秒
2026-01-02 07:42:14,676 - INFO - 各階段執行時間:
2026-01-02 07:42:14,676 - INFO -   載入資料: 6.58 秒 (35.8%)
2026-01-02 07:42:14,676 - INFO -   建立映射: 0.44 秒 (2.4%)
2026-01-02 07:42:14,676 - INFO -   建立稀疏矩陣: 0.12 秒 (0.7%)
2026-01-02 07:42:14,676 - INFO -   SVD 降維: 9.49 秒 (51.5%)
2026-01-02 07:42:14,676 - INFO -   訓練 KNN: 0.03 秒 (0.2%)
2026-01-02 07:42:14,676 - INFO -   評估: 1.74 秒 (9.5%)
2026-01-02 07:42:14,676 - INFO - 
2026-01-02 07:42:14,676 - INFO - 配置完成: FILTER_005
