2026-01-02 07:42:15,390 - INFO - 開始配置: FILTER_006
2026-01-02 07:42:34,280 - INFO - 
2026-01-02 07:42:34,280 - INFO - 已寫入 JSON 摘要: FILTER_006.json
2026-01-02 07:42:34,280 - INFO - 評估結果 (樣本數: 500)
2026-01-02 07:42:34,280 - INFO - 
2026-01-02 07:42:34,280 - INFO - 排序指標:
2026-01-02 07:42:34,280 - INFO -   Precision@10 = 0.0666
2026-01-02 07:42:34,280 - INFO -   Recall@10    = 0.6660
2026-01-02 07:42:34,280 - INFO -   Hit Rate@10  = 0.6660
2026-01-02 07:42:34,280 - INFO -   MRR          = 0.4714
2026-01-02 07:42:34,280 - INFO -   NDCG@10      = 0.5177
2026-01-02 07:42:34,280 - INFO - 
2026-01-02 07:42:34,280 - INFO - 評分預測指標:
2026-01-02 07:42:34,280 - INFO -   RMSE = 0.9888
2026-01-02 07:42:34,280 - INFO -   MAE  = 0.8634
2026-01-02 07:42:34,280 - INFO - 
2026-01-02 07:42:34,280 - INFO - 系統資源:
2026-01-02 07:42:34,280 - INFO -   記憶體峰值: 2684.72 MB
2026-01-02 07:42:34,280 - INFO - 
2026-01-02 07:42:34,280 - INFO - 總執行時間: 18.86 秒
2026-01-02 07:42:34,280 - INFO - 各階段執行時間:
2026-01-02 07:42:34,280 - INFO -   載入資料: 6.43 秒 (34.1%)
2026-01-02 07:42:34,280 - INFO -   建立映射: 0.44 秒 (2.3%)
2026-01-02 07:42:34,280 - INFO -   建立稀疏矩陣: 0.12 秒 (0.6%)
2026-01-02 07:42:34,280 - INFO -   SVD 降維: 10.10 秒 (53.6%)
2026-01-02 07:42:34,280 - INFO -   訓練 KNN: 0.04 秒 (0.2%)
2026-01-02 07:42:34,281 - INFO -   評估: 1.73 秒 (9.2%)
2026-01-02 07:42:34,281 - INFO - 
2026-01-02 07:42:34,281 - INFO - 配置完成: FILTER_006
