2026-01-02 07:40:55,817 - INFO - 開始配置: FILTER_002
2026-01-02 07:41:15,000 - INFO - 
2026-01-02 07:41:15,000 - INFO - 已寫入 JSON 摘要: FILTER_002.json
2026-01-02 07:41:15,000 - INFO - 評估結果 (樣本數: 500)
2026-01-02 07:41:15,000 - INFO - 
2026-01-02 07:41:15,000 - INFO - 排序指標:
2026-01-02 07:41:15,000 - INFO -   Precision@10 = 0.0656
2026-01-02 07:41:15,000 - INFO -   Recall@10    = 0.6560
2026-01-02 07:41:15,000 - INFO -   Hit Rate@10  = 0.6560
2026-01-02 07:41:15,000 - INFO -   MRR          = 0.4733
2026-01-02 07:41:15,000 - INFO -   NDCG@10      = 0.5170
2026-01-02 07:41:15,000 - INFO - 
2026-01-02 07:41:15,000 - INFO - 評分預測指標:
2026-01-02 07:41:15,000 - INFO -   RMSE = 0.9744
2026-01-02 07:41:15,000 - INFO -   MAE  = 0.8579
2026-01-02 07:41:15,000 - INFO - 
2026-01-02 07:41:15,000 - INFO - 系統資源:
2026-01-02 07:41:15,000 - INFO -   記憶體峰值: 2758.90 MB
2026-01-02 07:41:15,000 - INFO - 
2026-01-02 07:41:15,000 - INFO - 總執行時間: 19.15 秒
2026-01-02 07:41:15,000 - INFO - 各階段執行時間:
2026-01-02 07:41:15,000 - INFO -   載入資料: 6.59 秒 (34.4%)
2026-01-02 07:41:15,000 - INFO -   建立映射: 0.50 秒 (2.6%)
2026-01-02 07:41:15,000 - INFO -   建立稀疏矩陣: 0.12 秒 (0.6%)
2026-01-02 07:41:15,001 - INFO -   SVD 降維: 10.36 秒 (54.1%)
2026-01-02 07:41:15,001 - INFO -   訓練 KNN: 0.04 秒 (0.2%)
2026-01-02 07:41:15,001 - INFO -   評估: 1.55 秒 (8.1%)
2026-01-02 07:41:15,001 - INFO - 
2026-01-02 07:41:15,001 - INFO - 配置完成: FILTER_002
