2026-01-02 07:43:14,688 - INFO - 開始配置: KNN_003
2026-01-02 07:43:34,128 - INFO - 
2026-01-02 07:43:34,128 - INFO - 已寫入 JSON 摘要: KNN_003.json
2026-01-02 07:43:34,128 - INFO - 評估結果 (樣本數: 500)
2026-01-02 07:43:34,128 - INFO - 
2026-01-02 07:43:34,128 - INFO - 排序指標:
2026-01-02 07:43:34,128 - INFO -   Precision@10 = 0.0666
2026-01-02 07:43:34,128 - INFO -   Recall@10    = 0.6660
2026-01-02 07:43:34,128 - INFO -   Hit Rate@10  = 0.6660
2026-01-02 07:43:34,128 - INFO -   MRR          = 0.4855
2026-01-02 07:43:34,128 - INFO -   NDCG@10      = 0.5288
2026-01-02 07:43:34,128 - INFO - 
2026-01-02 07:43:34,128 - INFO - 評分預測指標:
2026-01-02 07:43:34,128 - INFO -   RMSE = 0.9708
2026-01-02 07:43:34,128 - INFO -   MAE  = 0.8596
2026-01-02 07:43:34,128 - INFO - 
2026-01-02 07:43:34,128 - INFO - 系統資源:
2026-01-02 07:43:34,128 - INFO -   記憶體峰值: 2589.59 MB
2026-01-02 07:43:34,128 - INFO - 
2026-01-02 07:43:34,128 - INFO - 總執行時間: 19.41 秒
2026-01-02 07:43:34,128 - INFO - 各階段執行時間:
2026-01-02 07:43:34,128 - INFO -   載入資料: 6.25 秒 (32.2%)
2026-01-02 07:43:34,128 - INFO -   建立映射: 0.50 秒 (2.6%)
2026-01-02 07:43:34,128 - INFO -   建立稀疏矩陣: 0.12 秒 (0.6%)
2026-01-02 07:43:34,128 - INFO -   SVD 降維: 10.39 秒 (53.6%)
2026-01-02 07:43:34,128 - INFO -   訓練 KNN: 0.04 秒 (0.2%)
2026-01-02 07:43:34,128 - INFO -   評估: 2.10 秒 (10.8%)
2026-01-02 07:43:34,128 - INFO - 
2026-01-02 07:43:34,128 - INFO - 配置完成: KNN_003
