2026-01-02 07:42:55,051 - INFO - 開始配置: KNN_002
2026-01-02 07:43:13,971 - INFO - 
2026-01-02 07:43:13,971 - INFO - 已寫入 JSON 摘要: KNN_002.json
2026-01-02 07:43:13,971 - INFO - 評估結果 (樣本數: 500)
2026-01-02 07:43:13,971 - INFO - 
2026-01-02 07:43:13,971 - INFO - 排序指標:
2026-01-02 07:43:13,971 - INFO -   Precision@10 = 0.0652
2026-01-02 07:43:13,971 - INFO -   Recall@10    = 0.6520
2026-01-02 07:43:13,971 - INFO -   Hit Rate@10  = 0.6520
2026-01-02 07:43:13,971 - INFO -   MRR          = 0.4751
2026-01-02 07:43:13,972 - INFO -   NDCG@10      = 0.5176
2026-01-02 07:43:13,972 - INFO - 
2026-01-02 07:43:13,972 - INFO - 評分預測指標:
2026-01-02 07:43:13,972 - INFO -   RMSE = 0.9845
2026-01-02 07:43:13,972 - INFO -   MAE  = 0.8629
2026-01-02 07:43:13,972 - INFO - 
2026-01-02 07:43:13,972 - INFO - 系統資源:
2026-01-02 07:43:13,972 - INFO -   記憶體峰值: 2580.13 MB
2026-01-02 07:43:13,972 - INFO - 
2026-01-02 07:43:13,972 - INFO - 總執行時間: 18.89 秒
2026-01-02 07:43:13,972 - INFO - 各階段執行時間:
2026-01-02 07:43:13,972 - INFO -   載入資料: 6.07 秒 (32.2%)
2026-01-02 07:43:13,972 - INFO -   建立映射: 0.50 秒 (2.7%)
2026-01-02 07:43:13,972 - INFO -   建立稀疏矩陣: 0.12 秒 (0.6%)
2026-01-02 07:43:13,972 - INFO -   SVD 降維: 10.43 秒 (55.2%)
2026-01-02 07:43:13,972 - INFO -   訓練 KNN: 0.03 秒 (0.2%)
2026-01-02 07:43:13,972 - INFO -   評估: 1.72 秒 (9.1%)
2026-01-02 07:43:13,972 - INFO - 
2026-01-02 07:43:13,972 - INFO - 配置完成: KNN_002
