2026-01-02 07:42:35,029 - INFO - 開始配置: KNN_001
2026-01-02 07:42:54,330 - INFO - 
2026-01-02 07:42:54,330 - INFO - 已寫入 JSON 摘要: KNN_001.json
2026-01-02 07:42:54,330 - INFO - 評估結果 (樣本數: 500)
2026-01-02 07:42:54,330 - INFO - 
2026-01-02 07:42:54,330 - INFO - 排序指標:
2026-01-02 07:42:54,330 - INFO -   Precision@10 = 0.0652
2026-01-02 07:42:54,330 - INFO -   Recall@10    = 0.6520
2026-01-02 07:42:54,330 - INFO -   Hit Rate@10  = 0.6520
2026-01-02 07:42:54,330 - INFO -   MRR          = 0.4761
2026-01-02 07:42:54,330 - INFO -   NDCG@10      = 0.5183
2026-01-02 07:42:54,330 - INFO - 
2026-01-02 07:42:54,330 - INFO - 評分預測指標:
2026-01-02 07:42:54,330 - INFO -   RMSE = 0.9824
2026-01-02 07:42:54,330 - INFO -   MAE  = 0.8621
2026-01-02 07:42:54,330 - INFO - 
2026-01-02 07:42:54,330 - INFO - 系統資源:
2026-01-02 07:42:54,330 - INFO -   記憶體峰值: 2553.11 MB
2026-01-02 07:42:54,330 - INFO - 
2026-01-02 07:42:54,330 - INFO - 總執行時間: 19.27 秒
2026-01-02 07:42:54,330 - INFO - 各階段執行時間:
2026-01-02 07:42:54,330 - INFO -   載入資料: 6.21 秒 (32.2%)
2026-01-02 07:42:54,330 - INFO -   建立映射: 0.51 秒 (2.6%)
2026-01-02 07:42:54,330 - INFO -   建立稀疏矩陣: 0.12 秒 (0.6%)
2026-01-02 07:42:54,330 - INFO -   SVD 降維: 10.60 秒 (55.0%)
2026-01-02 07:42:54,330 - INFO -   訓練 KNN: 0.04 秒 (0.2%)
2026-01-02 07:42:54,330 - INFO -   評估: 1.80 秒 (9.3%)
2026-01-02 07:42:54,330 - INFO - 
2026-01-02 07:42:54,330 - INFO - 配置完成: KNN_001
