2026-01-02 07:43:55,174 - INFO - 開始配置: KNN_005
2026-01-02 07:44:14,714 - INFO - 
2026-01-02 07:44:14,715 - INFO - 已寫入 JSON 摘要: KNN_005.json
2026-01-02 07:44:14,715 - INFO - 評估結果 (樣本數: 500)
2026-01-02 07:44:14,715 - INFO - 
2026-01-02 07:44:14,715 - INFO - 排序指標:
2026-01-02 07:44:14,715 - INFO -   Precision@10 = 0.0668
2026-01-02 07:44:14,715 - INFO -   Recall@10    = 0.6680
2026-01-02 07:44:14,715 - INFO -   Hit Rate@10  = 0.6680
2026-01-02 07:44:14,715 - INFO -   MRR          = 0.4841
2026-01-02 07:44:14,715 - INFO -   NDCG@10      = 0.5280
2026-01-02 07:44:14,715 - INFO - 
2026-01-02 07:44:14,715 - INFO - 評分預測指標:
2026-01-02 07:44:14,715 - INFO -   RMSE = 0.9745
2026-01-02 07:44:14,715 - INFO -   MAE  = 0.8650
2026-01-02 07:44:14,715 - INFO - 
2026-01-02 07:44:14,715 - INFO - 系統資源:
2026-01-02 07:44:14,715 - INFO -   記憶體峰值: 2613.20 MB
2026-01-02 07:44:14,715 - INFO - 
2026-01-02 07:44:14,715 - INFO - 總執行時間: 19.51 秒
2026-01-02 07:44:14,715 - INFO - 各階段執行時間:
2026-01-02 07:44:14,715 - INFO -   載入資料: 6.12 秒 (31.4%)
2026-01-02 07:44:14,715 - INFO -   建立映射: 0.51 秒 (2.6%)
2026-01-02 07:44:14,715 - INFO -   建立稀疏矩陣: 0.12 秒 (0.6%)
2026-01-02 07:44:14,715 - INFO -   SVD 降維: 10.15 秒 (52.0%)
2026-01-02 07:44:14,715 - INFO -   訓練 KNN: 0.04 秒 (0.2%)
2026-01-02 07:44:14,715 - INFO -   評估: 2.57 秒 (13.2%)
2026-01-02 07:44:14,715 - INFO - 
2026-01-02 07:44:14,715 - INFO - 配置完成: KNN_005
