2026-01-02 07:44:38,664 - INFO - 開始配置: KNN_007
2026-01-02 07:45:00,854 - INFO - 
2026-01-02 07:45:00,855 - INFO - 已寫入 JSON 摘要: KNN_007.json
2026-01-02 07:45:00,855 - INFO - 評估結果 (樣本數: 500)
2026-01-02 07:45:00,855 - INFO - 
2026-01-02 07:45:00,855 - INFO - 排序指標:
2026-01-02 07:45:00,855 - INFO -   Precision@10 = 0.0662
2026-01-02 07:45:00,855 - INFO -   Recall@10    = 0.6620
2026-01-02 07:45:00,855 - INFO -   Hit Rate@10  = 0.6620
2026-01-02 07:45:00,855 - INFO -   MRR          = 0.4728
2026-01-02 07:45:00,855 - INFO -   NDCG@10      = 0.5178
2026-01-02 07:45:00,855 - INFO - 
2026-01-02 07:45:00,855 - INFO - 評分預測指標:
2026-01-02 07:45:00,855 - INFO -   RMSE = 0.9833
2026-01-02 07:45:00,855 - INFO -   MAE  = 0.8854
2026-01-02 07:45:00,855 - INFO - 
2026-01-02 07:45:00,855 - INFO - 系統資源:
2026-01-02 07:45:00,855 - INFO -   記憶體峰值: 2618.68 MB
2026-01-02 07:45:00,855 - INFO - 
2026-01-02 07:45:00,855 - INFO - 總執行時間: 22.16 秒
2026-01-02 07:45:00,855 - INFO - 各階段執行時間:
2026-01-02 07:45:00,855 - INFO -   載入資料: 6.14 秒 (27.7%)
2026-01-02 07:45:00,855 - INFO -   建立映射: 0.50 秒 (2.3%)
2026-01-02 07:45:00,855 - INFO -   建立稀疏矩陣: 0.12 秒 (0.6%)
2026-01-02 07:45:00,855 - INFO -   SVD 降維: 11.66 秒 (52.6%)
2026-01-02 07:45:00,855 - INFO -   訓練 KNN: 0.04 秒 (0.2%)
2026-01-02 07:45:00,855 - INFO -   評估: 3.70 秒 (16.7%)
2026-01-02 07:45:00,855 - INFO - 
2026-01-02 07:45:00,855 - INFO - 配置完成: KNN_007
