2026-01-02 07:43:34,830 - INFO - 開始配置: KNN_004
2026-01-02 07:43:54,446 - INFO - 
2026-01-02 07:43:54,446 - INFO - 已寫入 JSON 摘要: KNN_004.json
2026-01-02 07:43:54,446 - INFO - 評估結果 (樣本數: 500)
2026-01-02 07:43:54,446 - INFO - 
2026-01-02 07:43:54,446 - INFO - 排序指標:
2026-01-02 07:43:54,446 - INFO -   Precision@10 = 0.0676
2026-01-02 07:43:54,446 - INFO -   Recall@10    = 0.6760
2026-01-02 07:43:54,446 - INFO -   Hit Rate@10  = 0.6760
2026-01-02 07:43:54,446 - INFO -   MRR          = 0.4845
2026-01-02 07:43:54,446 - INFO -   NDCG@10      = 0.5302
2026-01-02 07:43:54,446 - INFO - 
2026-01-02 07:43:54,446 - INFO - 評分預測指標:
2026-01-02 07:43:54,446 - INFO -   RMSE = 0.9730
2026-01-02 07:43:54,446 - INFO -   MAE  = 0.8626
2026-01-02 07:43:54,447 - INFO - 
2026-01-02 07:43:54,447 - INFO - 系統資源:
2026-01-02 07:43:54,447 - INFO -   記憶體峰值: 2612.52 MB
2026-01-02 07:43:54,447 - INFO - 
2026-01-02 07:43:54,447 - INFO - 總執行時間: 19.59 秒
2026-01-02 07:43:54,447 - INFO - 各階段執行時間:
2026-01-02 07:43:54,447 - INFO -   載入資料: 5.95 秒 (30.4%)
2026-01-02 07:43:54,447 - INFO -   建立映射: 0.50 秒 (2.6%)
2026-01-02 07:43:54,447 - INFO -   建立稀疏矩陣: 0.12 秒 (0.6%)
2026-01-02 07:43:54,447 - INFO -   SVD 降維: 10.75 秒 (54.9%)
2026-01-02 07:43:54,447 - INFO -   訓練 KNN: 0.04 秒 (0.2%)
2026-01-02 07:43:54,447 - INFO -   評估: 2.22 秒 (11.4%)
2026-01-02 07:43:54,447 - INFO - 
2026-01-02 07:43:54,447 - INFO - 配置完成: KNN_004
