2026-01-02 07:45:01,592 - INFO - 開始配置: OPT_001
2026-01-02 07:45:36,863 - INFO - 
2026-01-02 07:45:36,864 - INFO - 已寫入 JSON 摘要: OPT_001.json
2026-01-02 07:45:36,864 - INFO - 評估結果 (樣本數: 500)
2026-01-02 07:45:36,864 - INFO - 
2026-01-02 07:45:36,864 - INFO - 排序指標:
2026-01-02 07:45:36,864 - INFO -   Precision@10 = 0.0616
2026-01-02 07:45:36,864 - INFO -   Recall@10    = 0.6160
2026-01-02 07:45:36,864 - INFO -   Hit Rate@10  = 0.6160
2026-01-02 07:45:36,864 - INFO -   MRR          = 0.4298
2026-01-02 07:45:36,864 - INFO -   NDCG@10      = 0.4740
2026-01-02 07:45:36,864 - INFO - 
2026-01-02 07:45:36,864 - INFO - 評分預測指標:
2026-01-02 07:45:36,864 - INFO -   RMSE = 1.0312
2026-01-02 07:45:36,864 - INFO -   MAE  = 0.9098
2026-01-02 07:45:36,864 - INFO - 
2026-01-02 07:45:36,864 - INFO - 系統資源:
2026-01-02 07:45:36,864 - INFO -   記憶體峰值: 4738.58 MB
2026-01-02 07:45:36,864 - INFO - 
2026-01-02 07:45:36,864 - INFO - 總執行時間: 35.24 秒
2026-01-02 07:45:36,864 - INFO - 各階段執行時間:
2026-01-02 07:45:36,864 - INFO -   載入資料: 21.03 秒 (59.7%)
2026-01-02 07:45:36,864 - INFO -   建立映射: 0.52 秒 (1.5%)
2026-01-02 07:45:36,864 - INFO -   建立稀疏矩陣: 0.60 秒 (1.7%)
2026-01-02 07:45:36,864 - INFO -   SVD 降維: 10.49 秒 (29.8%)
2026-01-02 07:45:36,864 - INFO -   訓練 KNN: 0.03 秒 (0.1%)
2026-01-02 07:45:36,864 - INFO -   評估: 2.58 秒 (7.3%)
2026-01-02 07:45:36,864 - INFO - 
2026-01-02 07:45:36,864 - INFO - 配置完成: OPT_001
