2026-01-02 07:45:37,592 - INFO - 開始配置: OPT_003
2026-01-02 07:45:57,566 - INFO - 
2026-01-02 07:45:57,566 - INFO - 已寫入 JSON 摘要: OPT_003.json
2026-01-02 07:45:57,566 - INFO - 評估結果 (樣本數: 500)
2026-01-02 07:45:57,566 - INFO - 
2026-01-02 07:45:57,566 - INFO - 排序指標:
2026-01-02 07:45:57,566 - INFO -   Precision@10 = 0.0530
2026-01-02 07:45:57,566 - INFO -   Recall@10    = 0.5300
2026-01-02 07:45:57,566 - INFO -   Hit Rate@10  = 0.5300
2026-01-02 07:45:57,566 - INFO -   MRR          = 0.2885
2026-01-02 07:45:57,566 - INFO -   NDCG@10      = 0.3454
2026-01-02 07:45:57,566 - INFO - 
2026-01-02 07:45:57,566 - INFO - 評分預測指標:
2026-01-02 07:45:57,566 - INFO -   RMSE = 1.0094
2026-01-02 07:45:57,566 - INFO -   MAE  = 0.9080
2026-01-02 07:45:57,566 - INFO - 
2026-01-02 07:45:57,566 - INFO - 系統資源:
2026-01-02 07:45:57,566 - INFO -   記憶體峰值: 4902.20 MB
2026-01-02 07:45:57,566 - INFO - 
2026-01-02 07:45:57,566 - INFO - 總執行時間: 19.94 秒
2026-01-02 07:45:57,566 - INFO - 各階段執行時間:
2026-01-02 07:45:57,566 - INFO -   載入資料: 6.03 秒 (30.2%)
2026-01-02 07:45:57,566 - INFO -   建立映射: 0.50 秒 (2.5%)
2026-01-02 07:45:57,566 - INFO -   建立稀疏矩陣: 0.80 秒 (4.0%)
2026-01-02 07:45:57,566 - INFO -   SVD 降維: 10.12 秒 (50.7%)
2026-01-02 07:45:57,566 - INFO -   訓練 KNN: 0.04 秒 (0.2%)
2026-01-02 07:45:57,566 - INFO -   評估: 2.45 秒 (12.3%)
2026-01-02 07:45:57,566 - INFO - 
2026-01-02 07:45:57,566 - INFO - 配置完成: OPT_003
