2026-01-02 07:45:58,296 - INFO - 開始配置: SVD_001
2026-01-02 07:46:09,534 - INFO - 
2026-01-02 07:46:09,534 - INFO - 已寫入 JSON 摘要: SVD_001.json
2026-01-02 07:46:09,535 - INFO - 評估結果 (樣本數: 500)
2026-01-02 07:46:09,535 - INFO - 
2026-01-02 07:46:09,535 - INFO - 排序指標:
2026-01-02 07:46:09,535 - INFO -   Precision@10 = 0.0570
2026-01-02 07:46:09,535 - INFO -   Recall@10    = 0.5700
2026-01-02 07:46:09,535 - INFO -   Hit Rate@10  = 0.5700
2026-01-02 07:46:09,535 - INFO -   MRR          = 0.3597
2026-01-02 07:46:09,535 - INFO -   NDCG@10      = 0.4096
2026-01-02 07:46:09,535 - INFO - 
2026-01-02 07:46:09,535 - INFO - 評分預測指標:
2026-01-02 07:46:09,535 - INFO -   RMSE = 1.0398
2026-01-02 07:46:09,535 - INFO -   MAE  = 0.9174
2026-01-02 07:46:09,535 - INFO - 
2026-01-02 07:46:09,535 - INFO - 系統資源:
2026-01-02 07:46:09,535 - INFO -   記憶體峰值: 2263.00 MB
2026-01-02 07:46:09,535 - INFO - 
2026-01-02 07:46:09,535 - INFO - 總執行時間: 11.20 秒
2026-01-02 07:46:09,535 - INFO - 各階段執行時間:
2026-01-02 07:46:09,535 - INFO -   載入資料: 6.05 秒 (54.0%)
2026-01-02 07:46:09,535 - INFO -   建立映射: 0.50 秒 (4.5%)
2026-01-02 07:46:09,535 - INFO -   建立稀疏矩陣: 0.12 秒 (1.1%)
2026-01-02 07:46:09,535 - INFO -   SVD 降維: 2.74 秒 (24.4%)
2026-01-02 07:46:09,535 - INFO -   訓練 KNN: 0.03 秒 (0.2%)
2026-01-02 07:46:09,535 - INFO -   評估: 1.77 秒 (15.8%)
2026-01-02 07:46:09,535 - INFO - 
2026-01-02 07:46:09,535 - INFO - 配置完成: SVD_001
