2026-01-02 07:46:39,548 - INFO - 開始配置: SVD_004
2026-01-02 07:46:56,621 - INFO - 
2026-01-02 07:46:56,621 - INFO - 已寫入 JSON 摘要: SVD_004.json
2026-01-02 07:46:56,621 - INFO - 評估結果 (樣本數: 500)
2026-01-02 07:46:56,621 - INFO - 
2026-01-02 07:46:56,621 - INFO - 排序指標:
2026-01-02 07:46:56,621 - INFO -   Precision@10 = 0.0648
2026-01-02 07:46:56,621 - INFO -   Recall@10    = 0.6480
2026-01-02 07:46:56,621 - INFO -   Hit Rate@10  = 0.6480
2026-01-02 07:46:56,621 - INFO -   MRR          = 0.4617
2026-01-02 07:46:56,621 - INFO -   NDCG@10      = 0.5062
2026-01-02 07:46:56,621 - INFO - 
2026-01-02 07:46:56,621 - INFO - 評分預測指標:
2026-01-02 07:46:56,621 - INFO -   RMSE = 0.9968
2026-01-02 07:46:56,621 - INFO -   MAE  = 0.8647
2026-01-02 07:46:56,621 - INFO - 
2026-01-02 07:46:56,621 - INFO - 系統資源:
2026-01-02 07:46:56,621 - INFO -   記憶體峰值: 2429.66 MB
2026-01-02 07:46:56,621 - INFO - 
2026-01-02 07:46:56,621 - INFO - 總執行時間: 17.04 秒
2026-01-02 07:46:56,621 - INFO - 各階段執行時間:
2026-01-02 07:46:56,621 - INFO -   載入資料: 6.48 秒 (38.0%)
2026-01-02 07:46:56,621 - INFO -   建立映射: 0.50 秒 (2.9%)
2026-01-02 07:46:56,621 - INFO -   建立稀疏矩陣: 0.12 秒 (0.7%)
2026-01-02 07:46:56,621 - INFO -   SVD 降維: 8.29 秒 (48.7%)
2026-01-02 07:46:56,621 - INFO -   訓練 KNN: 0.04 秒 (0.2%)
2026-01-02 07:46:56,621 - INFO -   評估: 1.60 秒 (9.4%)
2026-01-02 07:46:56,621 - INFO - 
2026-01-02 07:46:56,621 - INFO - 配置完成: SVD_004
