2026-01-02 07:49:28,719 - INFO - 開始配置: SVD_011
2026-01-02 07:50:01,680 - INFO - 
2026-01-02 07:50:01,680 - INFO - 已寫入 JSON 摘要: SVD_011.json
2026-01-02 07:50:01,680 - INFO - 評估結果 (樣本數: 500)
2026-01-02 07:50:01,680 - INFO - 
2026-01-02 07:50:01,680 - INFO - 排序指標:
2026-01-02 07:50:01,680 - INFO -   Precision@10 = 0.0686
2026-01-02 07:50:01,680 - INFO -   Recall@10    = 0.6860
2026-01-02 07:50:01,680 - INFO -   Hit Rate@10  = 0.6860
2026-01-02 07:50:01,680 - INFO -   MRR          = 0.5028
2026-01-02 07:50:01,680 - INFO -   NDCG@10      = 0.5467
2026-01-02 07:50:01,680 - INFO - 
2026-01-02 07:50:01,680 - INFO - 評分預測指標:
2026-01-02 07:50:01,680 - INFO -   RMSE = 0.9807
2026-01-02 07:50:01,680 - INFO -   MAE  = 0.8513
2026-01-02 07:50:01,680 - INFO - 
2026-01-02 07:50:01,680 - INFO - 系統資源:
2026-01-02 07:50:01,680 - INFO -   記憶體峰值: 2977.91 MB
2026-01-02 07:50:01,680 - INFO - 
2026-01-02 07:50:01,680 - INFO - 總執行時間: 32.93 秒
2026-01-02 07:50:01,680 - INFO - 各階段執行時間:
2026-01-02 07:50:01,680 - INFO -   載入資料: 6.01 秒 (18.3%)
2026-01-02 07:50:01,680 - INFO -   建立映射: 0.50 秒 (1.5%)
2026-01-02 07:50:01,680 - INFO -   建立稀疏矩陣: 0.12 秒 (0.4%)
2026-01-02 07:50:01,680 - INFO -   SVD 降維: 24.37 秒 (74.0%)
2026-01-02 07:50:01,680 - INFO -   訓練 KNN: 0.04 秒 (0.1%)
2026-01-02 07:50:01,680 - INFO -   評估: 1.89 秒 (5.7%)
2026-01-02 07:50:01,680 - INFO - 
2026-01-02 07:50:01,680 - INFO - 配置完成: SVD_011
