2026-01-02 07:51:34,532 - INFO - 開始配置: SVD_014
2026-01-02 07:53:10,669 - INFO - 
2026-01-02 07:53:10,669 - INFO - 已寫入 JSON 摘要: SVD_014.json
2026-01-02 07:53:10,669 - INFO - 評估結果 (樣本數: 500)
2026-01-02 07:53:10,669 - INFO - 
2026-01-02 07:53:10,669 - INFO - 排序指標:
2026-01-02 07:53:10,669 - INFO -   Precision@10 = 0.0674
2026-01-02 07:53:10,669 - INFO -   Recall@10    = 0.6740
2026-01-02 07:53:10,669 - INFO -   Hit Rate@10  = 0.6740
2026-01-02 07:53:10,669 - INFO -   MRR          = 0.4860
2026-01-02 07:53:10,669 - INFO -   NDCG@10      = 0.5309
2026-01-02 07:53:10,669 - INFO - 
2026-01-02 07:53:10,669 - INFO - 評分預測指標:
2026-01-02 07:53:10,669 - INFO -   RMSE = 0.9935
2026-01-02 07:53:10,669 - INFO -   MAE  = 0.8649
2026-01-02 07:53:10,669 - INFO - 
2026-01-02 07:53:10,669 - INFO - 系統資源:
2026-01-02 07:53:10,669 - INFO -   記憶體峰值: 3948.62 MB
2026-01-02 07:53:10,669 - INFO - 
2026-01-02 07:53:10,669 - INFO - 總執行時間: 96.11 秒
2026-01-02 07:53:10,669 - INFO - 各階段執行時間:
2026-01-02 07:53:10,669 - INFO -   載入資料: 6.01 秒 (6.2%)
2026-01-02 07:53:10,669 - INFO -   建立映射: 0.50 秒 (0.5%)
2026-01-02 07:53:10,669 - INFO -   建立稀疏矩陣: 0.12 秒 (0.1%)
2026-01-02 07:53:10,669 - INFO -   SVD 降維: 87.32 秒 (90.9%)
2026-01-02 07:53:10,669 - INFO -   訓練 KNN: 0.05 秒 (0.1%)
2026-01-02 07:53:10,669 - INFO -   評估: 2.11 秒 (2.2%)
2026-01-02 07:53:10,669 - INFO - 
2026-01-02 07:53:10,669 - INFO - 配置完成: SVD_014
