2026-01-02 07:50:45,174 - INFO - 開始配置: SVD_013
2026-01-02 07:51:33,779 - INFO - 
2026-01-02 07:51:33,780 - INFO - 已寫入 JSON 摘要: SVD_013.json
2026-01-02 07:51:33,780 - INFO - 評估結果 (樣本數: 500)
2026-01-02 07:51:33,780 - INFO - 
2026-01-02 07:51:33,780 - INFO - 排序指標:
2026-01-02 07:51:33,780 - INFO -   Precision@10 = 0.0668
2026-01-02 07:51:33,780 - INFO -   Recall@10    = 0.6680
2026-01-02 07:51:33,780 - INFO -   Hit Rate@10  = 0.6680
2026-01-02 07:51:33,780 - INFO -   MRR          = 0.5056
2026-01-02 07:51:33,780 - INFO -   NDCG@10      = 0.5446
2026-01-02 07:51:33,780 - INFO - 
2026-01-02 07:51:33,780 - INFO - 評分預測指標:
2026-01-02 07:51:33,780 - INFO -   RMSE = 1.0154
2026-01-02 07:51:33,780 - INFO -   MAE  = 0.8712
2026-01-02 07:51:33,780 - INFO - 
2026-01-02 07:51:33,780 - INFO - 系統資源:
2026-01-02 07:51:33,780 - INFO -   記憶體峰值: 3306.31 MB
2026-01-02 07:51:33,780 - INFO - 
2026-01-02 07:51:33,780 - INFO - 總執行時間: 48.57 秒
2026-01-02 07:51:33,780 - INFO - 各階段執行時間:
2026-01-02 07:51:33,780 - INFO -   載入資料: 6.10 秒 (12.5%)
2026-01-02 07:51:33,780 - INFO -   建立映射: 0.50 秒 (1.0%)
2026-01-02 07:51:33,780 - INFO -   建立稀疏矩陣: 0.12 秒 (0.2%)
2026-01-02 07:51:33,780 - INFO -   SVD 降維: 39.59 秒 (81.5%)
2026-01-02 07:51:33,780 - INFO -   訓練 KNN: 0.04 秒 (0.1%)
2026-01-02 07:51:33,780 - INFO -   評估: 2.22 秒 (4.6%)
2026-01-02 07:51:33,780 - INFO - 
2026-01-02 07:51:33,780 - INFO - 配置完成: SVD_013
