2026-01-02 07:46:10,274 - INFO - 開始配置: SVD_002
2026-01-02 07:46:23,154 - INFO - 
2026-01-02 07:46:23,155 - INFO - 已寫入 JSON 摘要: SVD_002.json
2026-01-02 07:46:23,155 - INFO - 評估結果 (樣本數: 500)
2026-01-02 07:46:23,155 - INFO - 
2026-01-02 07:46:23,155 - INFO - 排序指標:
2026-01-02 07:46:23,155 - INFO -   Precision@10 = 0.0614
2026-01-02 07:46:23,155 - INFO -   Recall@10    = 0.6140
2026-01-02 07:46:23,155 - INFO -   Hit Rate@10  = 0.6140
2026-01-02 07:46:23,155 - INFO -   MRR          = 0.4165
2026-01-02 07:46:23,155 - INFO -   NDCG@10      = 0.4640
2026-01-02 07:46:23,155 - INFO - 
2026-01-02 07:46:23,155 - INFO - 評分預測指標:
2026-01-02 07:46:23,155 - INFO -   RMSE = 1.0473
2026-01-02 07:46:23,155 - INFO -   MAE  = 0.9106
2026-01-02 07:46:23,155 - INFO - 
2026-01-02 07:46:23,155 - INFO - 系統資源:
2026-01-02 07:46:23,155 - INFO -   記憶體峰值: 2354.73 MB
2026-01-02 07:46:23,155 - INFO - 
2026-01-02 07:46:23,155 - INFO - 總執行時間: 12.85 秒
2026-01-02 07:46:23,155 - INFO - 各階段執行時間:
2026-01-02 07:46:23,155 - INFO -   載入資料: 6.20 秒 (48.3%)
2026-01-02 07:46:23,155 - INFO -   建立映射: 0.51 秒 (3.9%)
2026-01-02 07:46:23,155 - INFO -   建立稀疏矩陣: 0.12 秒 (0.9%)
2026-01-02 07:46:23,155 - INFO -   SVD 降維: 4.22 秒 (32.9%)
2026-01-02 07:46:23,155 - INFO -   訓練 KNN: 0.04 秒 (0.3%)
2026-01-02 07:46:23,155 - INFO -   評估: 1.77 秒 (13.7%)
2026-01-02 07:46:23,155 - INFO - 
2026-01-02 07:46:23,155 - INFO - 配置完成: SVD_002
