2026-01-02 07:48:03,069 - INFO - 開始配置: SVD_008
2026-01-02 07:48:27,738 - INFO - 
2026-01-02 07:48:27,738 - INFO - 已寫入 JSON 摘要: SVD_008.json
2026-01-02 07:48:27,738 - INFO - 評估結果 (樣本數: 500)
2026-01-02 07:48:27,738 - INFO - 
2026-01-02 07:48:27,738 - INFO - 排序指標:
2026-01-02 07:48:27,738 - INFO -   Precision@10 = 0.0688
2026-01-02 07:48:27,738 - INFO -   Recall@10    = 0.6880
2026-01-02 07:48:27,738 - INFO -   Hit Rate@10  = 0.6880
2026-01-02 07:48:27,738 - INFO -   MRR          = 0.4937
2026-01-02 07:48:27,738 - INFO -   NDCG@10      = 0.5399
2026-01-02 07:48:27,738 - INFO - 
2026-01-02 07:48:27,738 - INFO - 評分預測指標:
2026-01-02 07:48:27,738 - INFO -   RMSE = 0.9572
2026-01-02 07:48:27,738 - INFO -   MAE  = 0.8443
2026-01-02 07:48:27,738 - INFO - 
2026-01-02 07:48:27,738 - INFO - 系統資源:
2026-01-02 07:48:27,738 - INFO -   記憶體峰值: 2855.12 MB
2026-01-02 07:48:27,738 - INFO - 
2026-01-02 07:48:27,738 - INFO - 總執行時間: 24.64 秒
2026-01-02 07:48:27,739 - INFO - 各階段執行時間:
2026-01-02 07:48:27,739 - INFO -   載入資料: 5.96 秒 (24.2%)
2026-01-02 07:48:27,739 - INFO -   建立映射: 0.51 秒 (2.1%)
2026-01-02 07:48:27,739 - INFO -   建立稀疏矩陣: 0.12 秒 (0.5%)
2026-01-02 07:48:27,739 - INFO -   SVD 降維: 16.23 秒 (65.9%)
2026-01-02 07:48:27,739 - INFO -   訓練 KNN: 0.03 秒 (0.1%)
2026-01-02 07:48:27,739 - INFO -   評估: 1.79 秒 (7.3%)
2026-01-02 07:48:27,739 - INFO - 
2026-01-02 07:48:27,739 - INFO - 配置完成: SVD_008
