2026-01-02 07:47:39,630 - INFO - 開始配置: SVD_007
2026-01-02 07:48:02,343 - INFO - 
2026-01-02 07:48:02,344 - INFO - 已寫入 JSON 摘要: SVD_007.json
2026-01-02 07:48:02,344 - INFO - 評估結果 (樣本數: 500)
2026-01-02 07:48:02,344 - INFO - 
2026-01-02 07:48:02,344 - INFO - 排序指標:
2026-01-02 07:48:02,344 - INFO -   Precision@10 = 0.0674
2026-01-02 07:48:02,344 - INFO -   Recall@10    = 0.6740
2026-01-02 07:48:02,344 - INFO -   Hit Rate@10  = 0.6740
2026-01-02 07:48:02,344 - INFO -   MRR          = 0.4903
2026-01-02 07:48:02,344 - INFO -   NDCG@10      = 0.5344
2026-01-02 07:48:02,344 - INFO - 
2026-01-02 07:48:02,344 - INFO - 評分預測指標:
2026-01-02 07:48:02,344 - INFO -   RMSE = 0.9666
2026-01-02 07:48:02,344 - INFO -   MAE  = 0.8442
2026-01-02 07:48:02,344 - INFO - 
2026-01-02 07:48:02,344 - INFO - 系統資源:
2026-01-02 07:48:02,344 - INFO -   記憶體峰值: 2781.77 MB
2026-01-02 07:48:02,344 - INFO - 
2026-01-02 07:48:02,344 - INFO - 總執行時間: 22.68 秒
2026-01-02 07:48:02,344 - INFO - 各階段執行時間:
2026-01-02 07:48:02,344 - INFO -   載入資料: 6.21 秒 (27.4%)
2026-01-02 07:48:02,344 - INFO -   建立映射: 0.50 秒 (2.2%)
2026-01-02 07:48:02,344 - INFO -   建立稀疏矩陣: 0.12 秒 (0.5%)
2026-01-02 07:48:02,344 - INFO -   SVD 降維: 14.07 秒 (62.0%)
2026-01-02 07:48:02,344 - INFO -   訓練 KNN: 0.03 秒 (0.1%)
2026-01-02 07:48:02,344 - INFO -   評估: 1.76 秒 (7.7%)
2026-01-02 07:48:02,344 - INFO - 
2026-01-02 07:48:02,344 - INFO - 配置完成: SVD_007
