2026-01-02 07:48:28,453 - INFO - 開始配置: SVD_009
2026-01-02 07:48:56,996 - INFO - 
2026-01-02 07:48:56,996 - INFO - 已寫入 JSON 摘要: SVD_009.json
2026-01-02 07:48:56,996 - INFO - 評估結果 (樣本數: 500)
2026-01-02 07:48:56,996 - INFO - 
2026-01-02 07:48:56,996 - INFO - 排序指標:
2026-01-02 07:48:56,996 - INFO -   Precision@10 = 0.0678
2026-01-02 07:48:56,996 - INFO -   Recall@10    = 0.6780
2026-01-02 07:48:56,996 - INFO -   Hit Rate@10  = 0.6780
2026-01-02 07:48:56,996 - INFO -   MRR          = 0.5026
2026-01-02 07:48:56,996 - INFO -   NDCG@10      = 0.5447
2026-01-02 07:48:56,996 - INFO - 
2026-01-02 07:48:56,996 - INFO - 評分預測指標:
2026-01-02 07:48:56,996 - INFO -   RMSE = 0.9607
2026-01-02 07:48:56,996 - INFO -   MAE  = 0.8476
2026-01-02 07:48:56,996 - INFO - 
2026-01-02 07:48:56,996 - INFO - 系統資源:
2026-01-02 07:48:56,996 - INFO -   記憶體峰值: 2894.60 MB
2026-01-02 07:48:56,996 - INFO - 
2026-01-02 07:48:56,996 - INFO - 總執行時間: 28.51 秒
2026-01-02 07:48:56,996 - INFO - 各階段執行時間:
2026-01-02 07:48:56,996 - INFO -   載入資料: 6.17 秒 (21.6%)
2026-01-02 07:48:56,996 - INFO -   建立映射: 0.51 秒 (1.8%)
2026-01-02 07:48:56,997 - INFO -   建立稀疏矩陣: 0.13 秒 (0.4%)
2026-01-02 07:48:56,997 - INFO -   SVD 降維: 19.89 秒 (69.8%)
2026-01-02 07:48:56,997 - INFO -   訓練 KNN: 0.03 秒 (0.1%)
2026-01-02 07:48:56,997 - INFO -   評估: 1.78 秒 (6.2%)
2026-01-02 07:48:56,997 - INFO - 
2026-01-02 07:48:56,997 - INFO - 配置完成: SVD_009
