2026-01-02 07:47:17,764 - INFO - 開始配置: SVD_006
2026-01-02 07:47:38,908 - INFO - 
2026-01-02 07:47:38,908 - INFO - 已寫入 JSON 摘要: SVD_006.json
2026-01-02 07:47:38,908 - INFO - 評估結果 (樣本數: 500)
2026-01-02 07:47:38,908 - INFO - 
2026-01-02 07:47:38,908 - INFO - 排序指標:
2026-01-02 07:47:38,908 - INFO -   Precision@10 = 0.0662
2026-01-02 07:47:38,908 - INFO -   Recall@10    = 0.6620
2026-01-02 07:47:38,908 - INFO -   Hit Rate@10  = 0.6620
2026-01-02 07:47:38,908 - INFO -   MRR          = 0.4840
2026-01-02 07:47:38,908 - INFO -   NDCG@10      = 0.5267
2026-01-02 07:47:38,908 - INFO - 
2026-01-02 07:47:38,908 - INFO - 評分預測指標:
2026-01-02 07:47:38,908 - INFO -   RMSE = 0.9774
2026-01-02 07:47:38,908 - INFO -   MAE  = 0.8524
2026-01-02 07:47:38,908 - INFO - 
2026-01-02 07:47:38,909 - INFO - 系統資源:
2026-01-02 07:47:38,909 - INFO -   記憶體峰值: 2632.56 MB
2026-01-02 07:47:38,909 - INFO - 
2026-01-02 07:47:38,909 - INFO - 總執行時間: 21.11 秒
2026-01-02 07:47:38,909 - INFO - 各階段執行時間:
2026-01-02 07:47:38,909 - INFO -   載入資料: 6.04 秒 (28.6%)
2026-01-02 07:47:38,909 - INFO -   建立映射: 0.51 秒 (2.4%)
2026-01-02 07:47:38,909 - INFO -   建立稀疏矩陣: 0.12 秒 (0.6%)
2026-01-02 07:47:38,909 - INFO -   SVD 降維: 12.65 秒 (59.9%)
2026-01-02 07:47:38,909 - INFO -   訓練 KNN: 0.04 秒 (0.2%)
2026-01-02 07:47:38,909 - INFO -   評估: 1.75 秒 (8.3%)
2026-01-02 07:47:38,909 - INFO - 
2026-01-02 07:47:38,909 - INFO - 配置完成: SVD_006
