2026-01-02 07:53:11,448 - INFO - 開始配置: SVD_015
2026-01-02 07:53:29,955 - INFO - 
2026-01-02 07:53:29,956 - INFO - 已寫入 JSON 摘要: SVD_015.json
2026-01-02 07:53:29,956 - INFO - 評估結果 (樣本數: 500)
2026-01-02 07:53:29,956 - INFO - 
2026-01-02 07:53:29,956 - INFO - 排序指標:
2026-01-02 07:53:29,956 - INFO -   Precision@10 = 0.0638
2026-01-02 07:53:29,956 - INFO -   Recall@10    = 0.6380
2026-01-02 07:53:29,956 - INFO -   Hit Rate@10  = 0.6380
2026-01-02 07:53:29,956 - INFO -   MRR          = 0.4547
2026-01-02 07:53:29,956 - INFO -   NDCG@10      = 0.4986
2026-01-02 07:53:29,956 - INFO - 
2026-01-02 07:53:29,956 - INFO - 評分預測指標:
2026-01-02 07:53:29,956 - INFO -   RMSE = 1.0223
2026-01-02 07:53:29,956 - INFO -   MAE  = 0.8784
2026-01-02 07:53:29,956 - INFO - 
2026-01-02 07:53:29,956 - INFO - 系統資源:
2026-01-02 07:53:29,956 - INFO -   記憶體峰值: 2606.80 MB
2026-01-02 07:53:29,956 - INFO - 
2026-01-02 07:53:29,956 - INFO - 總執行時間: 18.48 秒
2026-01-02 07:53:29,956 - INFO - 各階段執行時間:
2026-01-02 07:53:29,956 - INFO -   載入資料: 6.03 秒 (32.6%)
2026-01-02 07:53:29,956 - INFO -   建立映射: 0.51 秒 (2.8%)
2026-01-02 07:53:29,956 - INFO -   建立稀疏矩陣: 0.12 秒 (0.6%)
2026-01-02 07:53:29,956 - INFO -   SVD 降維: 10.12 秒 (54.7%)
2026-01-02 07:53:29,956 - INFO -   訓練 KNN: 0.04 秒 (0.2%)
2026-01-02 07:53:29,956 - INFO -   評估: 1.66 秒 (9.0%)
2026-01-02 07:53:29,956 - INFO - 
2026-01-02 07:53:29,956 - INFO - 配置完成: SVD_015
