2026-01-02 07:46:23,878 - INFO - 開始配置: SVD_003
2026-01-02 07:46:38,830 - INFO - 
2026-01-02 07:46:38,830 - INFO - 已寫入 JSON 摘要: SVD_003.json
2026-01-02 07:46:38,830 - INFO - 評估結果 (樣本數: 500)
2026-01-02 07:46:38,830 - INFO - 
2026-01-02 07:46:38,830 - INFO - 排序指標:
2026-01-02 07:46:38,830 - INFO -   Precision@10 = 0.0638
2026-01-02 07:46:38,830 - INFO -   Recall@10    = 0.6380
2026-01-02 07:46:38,830 - INFO -   Hit Rate@10  = 0.6380
2026-01-02 07:46:38,830 - INFO -   MRR          = 0.4569
2026-01-02 07:46:38,830 - INFO -   NDCG@10      = 0.5002
2026-01-02 07:46:38,830 - INFO - 
2026-01-02 07:46:38,831 - INFO - 評分預測指標:
2026-01-02 07:46:38,831 - INFO -   RMSE = 1.0104
2026-01-02 07:46:38,831 - INFO -   MAE  = 0.8856
2026-01-02 07:46:38,831 - INFO - 
2026-01-02 07:46:38,831 - INFO - 系統資源:
2026-01-02 07:46:38,831 - INFO -   記憶體峰值: 2455.32 MB
2026-01-02 07:46:38,831 - INFO - 
2026-01-02 07:46:38,831 - INFO - 總執行時間: 14.92 秒
2026-01-02 07:46:38,831 - INFO - 各階段執行時間:
2026-01-02 07:46:38,831 - INFO -   載入資料: 5.99 秒 (40.1%)
2026-01-02 07:46:38,831 - INFO -   建立映射: 0.50 秒 (3.4%)
2026-01-02 07:46:38,831 - INFO -   建立稀疏矩陣: 0.12 秒 (0.8%)
2026-01-02 07:46:38,831 - INFO -   SVD 降維: 6.47 秒 (43.3%)
2026-01-02 07:46:38,831 - INFO -   訓練 KNN: 0.04 秒 (0.2%)
2026-01-02 07:46:38,831 - INFO -   評估: 1.81 秒 (12.1%)
2026-01-02 07:46:38,831 - INFO - 
2026-01-02 07:46:38,831 - INFO - 配置完成: SVD_003
