2026-01-02 07:48:57,747 - INFO - 開始配置: SVD_010
2026-01-02 07:49:27,983 - INFO - 
2026-01-02 07:49:27,983 - INFO - 已寫入 JSON 摘要: SVD_010.json
2026-01-02 07:49:27,983 - INFO - 評估結果 (樣本數: 500)
2026-01-02 07:49:27,983 - INFO - 
2026-01-02 07:49:27,983 - INFO - 排序指標:
2026-01-02 07:49:27,983 - INFO -   Precision@10 = 0.0684
2026-01-02 07:49:27,983 - INFO -   Recall@10    = 0.6840
2026-01-02 07:49:27,983 - INFO -   Hit Rate@10  = 0.6840
2026-01-02 07:49:27,983 - INFO -   MRR          = 0.5025
2026-01-02 07:49:27,983 - INFO -   NDCG@10      = 0.5462
2026-01-02 07:49:27,983 - INFO - 
2026-01-02 07:49:27,983 - INFO - 評分預測指標:
2026-01-02 07:49:27,983 - INFO -   RMSE = 0.9642
2026-01-02 07:49:27,983 - INFO -   MAE  = 0.8482
2026-01-02 07:49:27,983 - INFO - 
2026-01-02 07:49:27,983 - INFO - 系統資源:
2026-01-02 07:49:27,983 - INFO -   記憶體峰值: 2772.16 MB
2026-01-02 07:49:27,983 - INFO - 
2026-01-02 07:49:27,983 - INFO - 總執行時間: 30.20 秒
2026-01-02 07:49:27,983 - INFO - 各階段執行時間:
2026-01-02 07:49:27,983 - INFO -   載入資料: 6.10 秒 (20.2%)
2026-01-02 07:49:27,983 - INFO -   建立映射: 0.51 秒 (1.7%)
2026-01-02 07:49:27,983 - INFO -   建立稀疏矩陣: 0.12 秒 (0.4%)
2026-01-02 07:49:27,983 - INFO -   SVD 降維: 21.73 秒 (72.0%)
2026-01-02 07:49:27,983 - INFO -   訓練 KNN: 0.04 秒 (0.1%)
2026-01-02 07:49:27,983 - INFO -   評估: 1.70 秒 (5.6%)
2026-01-02 07:49:27,983 - INFO - 
2026-01-02 07:49:27,983 - INFO - 配置完成: SVD_010
