2026-01-02 07:46:57,351 - INFO - 開始配置: SVD_005
2026-01-02 07:47:17,061 - INFO - 
2026-01-02 07:47:17,061 - INFO - 已寫入 JSON 摘要: SVD_005.json
2026-01-02 07:47:17,061 - INFO - 評估結果 (樣本數: 500)
2026-01-02 07:47:17,061 - INFO - 
2026-01-02 07:47:17,061 - INFO - 排序指標:
2026-01-02 07:47:17,061 - INFO -   Precision@10 = 0.0652
2026-01-02 07:47:17,061 - INFO -   Recall@10    = 0.6520
2026-01-02 07:47:17,061 - INFO -   Hit Rate@10  = 0.6520
2026-01-02 07:47:17,061 - INFO -   MRR          = 0.4761
2026-01-02 07:47:17,061 - INFO -   NDCG@10      = 0.5183
2026-01-02 07:47:17,061 - INFO - 
2026-01-02 07:47:17,061 - INFO - 評分預測指標:
2026-01-02 07:47:17,061 - INFO -   RMSE = 0.9824
2026-01-02 07:47:17,061 - INFO -   MAE  = 0.8621
2026-01-02 07:47:17,061 - INFO - 
2026-01-02 07:47:17,061 - INFO - 系統資源:
2026-01-02 07:47:17,061 - INFO -   記憶體峰值: 2574.54 MB
2026-01-02 07:47:17,061 - INFO - 
2026-01-02 07:47:17,061 - INFO - 總執行時間: 19.68 秒
2026-01-02 07:47:17,061 - INFO - 各階段執行時間:
2026-01-02 07:47:17,061 - INFO -   載入資料: 6.09 秒 (30.9%)
2026-01-02 07:47:17,062 - INFO -   建立映射: 0.50 秒 (2.6%)
2026-01-02 07:47:17,062 - INFO -   建立稀疏矩陣: 0.12 秒 (0.6%)
2026-01-02 07:47:17,062 - INFO -   SVD 降維: 11.14 秒 (56.6%)
2026-01-02 07:47:17,062 - INFO -   訓練 KNN: 0.04 秒 (0.2%)
2026-01-02 07:47:17,062 - INFO -   評估: 1.79 秒 (9.1%)
2026-01-02 07:47:17,062 - INFO - 
2026-01-02 07:47:17,062 - INFO - 配置完成: SVD_005
