2026-01-02 07:50:02,447 - INFO - 開始配置: SVD_012
2026-01-02 07:50:44,427 - INFO - 
2026-01-02 07:50:44,427 - INFO - 已寫入 JSON 摘要: SVD_012.json
2026-01-02 07:50:44,427 - INFO - 評估結果 (樣本數: 500)
2026-01-02 07:50:44,428 - INFO - 
2026-01-02 07:50:44,428 - INFO - 排序指標:
2026-01-02 07:50:44,428 - INFO -   Precision@10 = 0.0684
2026-01-02 07:50:44,428 - INFO -   Recall@10    = 0.6840
2026-01-02 07:50:44,428 - INFO -   Hit Rate@10  = 0.6840
2026-01-02 07:50:44,428 - INFO -   MRR          = 0.5038
2026-01-02 07:50:44,428 - INFO -   NDCG@10      = 0.5467
2026-01-02 07:50:44,428 - INFO - 
2026-01-02 07:50:44,428 - INFO - 評分預測指標:
2026-01-02 07:50:44,428 - INFO -   RMSE = 0.9870
2026-01-02 07:50:44,428 - INFO -   MAE  = 0.8595
2026-01-02 07:50:44,428 - INFO - 
2026-01-02 07:50:44,428 - INFO - 系統資源:
2026-01-02 07:50:44,428 - INFO -   記憶體峰值: 3034.03 MB
2026-01-02 07:50:44,428 - INFO - 
2026-01-02 07:50:44,428 - INFO - 總執行時間: 41.95 秒
2026-01-02 07:50:44,428 - INFO - 各階段執行時間:
2026-01-02 07:50:44,428 - INFO -   載入資料: 5.99 秒 (14.3%)
2026-01-02 07:50:44,428 - INFO -   建立映射: 0.51 秒 (1.2%)
2026-01-02 07:50:44,428 - INFO -   建立稀疏矩陣: 0.12 秒 (0.3%)
2026-01-02 07:50:44,428 - INFO -   SVD 降維: 33.15 秒 (79.0%)
2026-01-02 07:50:44,428 - INFO -   訓練 KNN: 0.04 秒 (0.1%)
2026-01-02 07:50:44,428 - INFO -   評估: 2.14 秒 (5.1%)
2026-01-02 07:50:44,428 - INFO - 
2026-01-02 07:50:44,428 - INFO - 配置完成: SVD_012
