2026-01-02 06:08:07,614 - INFO - 開始實驗: 實驗5
2026-01-02 06:08:19,044 - INFO - 
2026-01-02 06:08:19,044 - INFO - 已寫入 JSON 摘要: 實驗5.json
2026-01-02 06:08:19,044 - INFO - 評估結果 (樣本數: 500)
2026-01-02 06:08:19,044 - INFO - 
2026-01-02 06:08:19,044 - INFO - 排序指標:
2026-01-02 06:08:19,044 - INFO -   Precision@10 = 0.0570
2026-01-02 06:08:19,044 - INFO -   Recall@10    = 0.5700
2026-01-02 06:08:19,044 - INFO -   Hit Rate@10  = 0.5700
2026-01-02 06:08:19,044 - INFO -   MRR          = 0.3597
2026-01-02 06:08:19,044 - INFO -   NDCG@10      = 0.4096
2026-01-02 06:08:19,044 - INFO - 
2026-01-02 06:08:19,044 - INFO - 評分預測指標:
2026-01-02 06:08:19,044 - INFO -   RMSE = 1.0398
2026-01-02 06:08:19,044 - INFO -   MAE  = 0.9174
2026-01-02 06:08:19,044 - INFO - 
2026-01-02 06:08:19,044 - INFO - 系統資源:
2026-01-02 06:08:19,044 - INFO -   記憶體峰值: 2326.53 MB
2026-01-02 06:08:19,044 - INFO - 
2026-01-02 06:08:19,044 - INFO - 總執行時間: 11.40 秒
2026-01-02 06:08:19,044 - INFO - 各階段執行時間:
2026-01-02 06:08:19,044 - INFO -   載入資料: 6.28 秒 (55.1%)
2026-01-02 06:08:19,044 - INFO -   建立映射: 0.50 秒 (4.4%)
2026-01-02 06:08:19,044 - INFO -   建立稀疏矩陣: 0.12 秒 (1.1%)
2026-01-02 06:08:19,044 - INFO -   SVD 降維: 2.71 秒 (23.8%)
2026-01-02 06:08:19,044 - INFO -   訓練 KNN: 0.03 秒 (0.2%)
2026-01-02 06:08:19,044 - INFO -   評估: 1.76 秒 (15.4%)
2026-01-02 06:08:19,044 - INFO - 
2026-01-02 06:08:19,045 - INFO - 實驗完成: 實驗5
