2026-01-02 06:12:51,285 - INFO - 開始實驗: 實驗19
2026-01-02 06:13:11,831 - INFO - 
2026-01-02 06:13:11,831 - INFO - 已寫入 JSON 摘要: 實驗19.json
2026-01-02 06:13:11,831 - INFO - 評估結果 (樣本數: 500)
2026-01-02 06:13:11,831 - INFO - 
2026-01-02 06:13:11,831 - INFO - 排序指標:
2026-01-02 06:13:11,831 - INFO -   Precision@10 = 0.0668
2026-01-02 06:13:11,831 - INFO -   Recall@10    = 0.6680
2026-01-02 06:13:11,831 - INFO -   Hit Rate@10  = 0.6680
2026-01-02 06:13:11,831 - INFO -   MRR          = 0.4841
2026-01-02 06:13:11,831 - INFO -   NDCG@10      = 0.5280
2026-01-02 06:13:11,831 - INFO - 
2026-01-02 06:13:11,831 - INFO - 評分預測指標:
2026-01-02 06:13:11,831 - INFO -   RMSE = 0.9753
2026-01-02 06:13:11,831 - INFO -   MAE  = 0.8627
2026-01-02 06:13:11,831 - INFO - 
2026-01-02 06:13:11,831 - INFO - 系統資源:
2026-01-02 06:13:11,831 - INFO -   記憶體峰值: 2641.88 MB
2026-01-02 06:13:11,831 - INFO - 
2026-01-02 06:13:11,831 - INFO - 總執行時間: 20.51 秒
2026-01-02 06:13:11,831 - INFO - 各階段執行時間:
2026-01-02 06:13:11,831 - INFO -   載入資料: 6.06 秒 (29.5%)
2026-01-02 06:13:11,831 - INFO -   建立映射: 0.51 秒 (2.5%)
2026-01-02 06:13:11,831 - INFO -   計算 Item Bias: 0.17 秒 (0.8%)
2026-01-02 06:13:11,831 - INFO -   建立稀疏矩陣: 0.12 秒 (0.6%)
2026-01-02 06:13:11,832 - INFO -   SVD 降維: 10.97 秒 (53.5%)
2026-01-02 06:13:11,832 - INFO -   訓練 KNN: 0.03 秒 (0.2%)
2026-01-02 06:13:11,832 - INFO -   評估: 2.65 秒 (12.9%)
2026-01-02 06:13:11,832 - INFO - 
2026-01-02 06:13:11,832 - INFO - 實驗完成: 實驗19
