2026-01-02 06:22:58,512 - INFO - 開始實驗: 實驗21
2026-01-02 06:23:33,983 - INFO - 
2026-01-02 06:23:33,983 - INFO - 已寫入 JSON 摘要: 實驗21.json
2026-01-02 06:23:33,983 - INFO - 評估結果 (樣本數: 500)
2026-01-02 06:23:33,983 - INFO - 
2026-01-02 06:23:33,983 - INFO - 排序指標:
2026-01-02 06:23:33,983 - INFO -   Precision@10 = 0.0616
2026-01-02 06:23:33,983 - INFO -   Recall@10    = 0.6160
2026-01-02 06:23:33,983 - INFO -   Hit Rate@10  = 0.6160
2026-01-02 06:23:33,983 - INFO -   MRR          = 0.4298
2026-01-02 06:23:33,983 - INFO -   NDCG@10      = 0.4740
2026-01-02 06:23:33,983 - INFO - 
2026-01-02 06:23:33,983 - INFO - 評分預測指標:
2026-01-02 06:23:33,983 - INFO -   RMSE = 1.0312
2026-01-02 06:23:33,983 - INFO -   MAE  = 0.9098
2026-01-02 06:23:33,983 - INFO - 
2026-01-02 06:23:33,983 - INFO - 系統資源:
2026-01-02 06:23:33,983 - INFO -   記憶體峰值: 4799.61 MB
2026-01-02 06:23:33,983 - INFO - 
2026-01-02 06:23:33,984 - INFO - 總執行時間: 35.44 秒
2026-01-02 06:23:33,984 - INFO - 各階段執行時間:
2026-01-02 06:23:33,984 - INFO -   載入資料: 21.12 秒 (59.6%)
2026-01-02 06:23:33,984 - INFO -   建立映射: 0.52 秒 (1.5%)
2026-01-02 06:23:33,984 - INFO -   建立稀疏矩陣: 0.60 秒 (1.7%)
2026-01-02 06:23:33,984 - INFO -   SVD 降維: 10.50 秒 (29.6%)
2026-01-02 06:23:33,984 - INFO -   訓練 KNN: 0.03 秒 (0.1%)
2026-01-02 06:23:33,984 - INFO -   評估: 2.67 秒 (7.5%)
2026-01-02 06:23:33,984 - INFO - 
2026-01-02 06:23:33,984 - INFO - 實驗完成: 實驗21
