2025-12-30 17:20:19,048 - INFO - 開始實驗: 實驗3
2025-12-30 17:21:08,949 - INFO - 
2025-12-30 17:21:08,950 - INFO - 評估結果 (樣本數: 500)
2025-12-30 17:21:08,950 - INFO - 
2025-12-30 17:21:08,950 - INFO - 排序指標:
2025-12-30 17:21:08,950 - INFO -   Precision@10 = 0.0614
2025-12-30 17:21:08,950 - INFO -   Recall@10    = 0.6140
2025-12-30 17:21:08,950 - INFO -   Hit Rate@10  = 0.6140
2025-12-30 17:21:08,950 - INFO -   MRR          = 0.4165
2025-12-30 17:21:08,951 - INFO -   NDCG@10      = 0.4640
2025-12-30 17:21:08,951 - INFO - 
2025-12-30 17:21:08,951 - INFO - 評分預測指標:
2025-12-30 17:21:08,951 - INFO -   RMSE = 1.0473
2025-12-30 17:21:08,951 - INFO -   MAE  = 0.9106
2025-12-30 17:21:08,951 - INFO - 
2025-12-30 17:21:08,951 - INFO - 系統資源:
2025-12-30 17:21:08,951 - INFO -   記憶體峰值: 1839.34 MB
2025-12-30 17:21:08,951 - INFO - 
2025-12-30 17:21:08,952 - INFO - 總執行時間: 49.87 秒
2025-12-30 17:21:08,952 - INFO - 各階段執行時間:
2025-12-30 17:21:08,952 - INFO -   載入資料: 7.05 秒 (14.1%)
2025-12-30 17:21:08,952 - INFO -   建立映射: 0.58 秒 (1.2%)
2025-12-30 17:21:08,952 - INFO -   建立稀疏矩陣: 0.15 秒 (0.3%)
2025-12-30 17:21:08,952 - INFO -   SVD 降維: 5.34 秒 (10.7%)
2025-12-30 17:21:08,952 - INFO -   訓練 KNN: 0.03 秒 (0.1%)
2025-12-30 17:21:08,952 - INFO -   評估: 36.73 秒 (73.6%)
2025-12-30 17:21:08,953 - INFO - 
2025-12-30 17:21:08,954 - INFO - 實驗完成: 實驗3
