2026-01-02 06:19:44,498 - INFO - 開始實驗: 實驗2
2026-01-02 06:19:51,872 - INFO - 
2026-01-02 06:19:51,873 - INFO - 已寫入 JSON 摘要: 實驗2.json
2026-01-02 06:19:51,873 - INFO - 評估結果 (樣本數: 500)
2026-01-02 06:19:51,873 - INFO - 
2026-01-02 06:19:51,873 - INFO - 排序指標:
2026-01-02 06:19:51,873 - INFO -   Precision@10 = 0.0684
2026-01-02 06:19:51,873 - INFO -   Recall@10    = 0.6840
2026-01-02 06:19:51,873 - INFO -   Hit Rate@10  = 0.6840
2026-01-02 06:19:51,873 - INFO -   MRR          = 0.4702
2026-01-02 06:19:51,873 - INFO -   NDCG@10      = 0.5215
2026-01-02 06:19:51,873 - INFO - 
2026-01-02 06:19:51,873 - INFO - 評分預測指標:
2026-01-02 06:19:51,873 - INFO -   RMSE = 0.9417
2026-01-02 06:19:51,873 - INFO -   MAE  = 0.8235
2026-01-02 06:19:51,873 - INFO - 
2026-01-02 06:19:51,873 - INFO - 系統資源:
2026-01-02 06:19:51,873 - INFO -   記憶體峰值: 1197.86 MB
2026-01-02 06:19:51,873 - INFO - 
2026-01-02 06:19:51,873 - INFO - 總執行時間: 7.34 秒
2026-01-02 06:19:51,873 - INFO - 各階段執行時間:
2026-01-02 06:19:51,873 - INFO -   載入資料: 6.02 秒 (82.0%)
2026-01-02 06:19:51,873 - INFO -   建立映射: 0.17 秒 (2.3%)
2026-01-02 06:19:51,873 - INFO -   建立稀疏矩陣: 0.07 秒 (0.9%)
2026-01-02 06:19:51,873 - INFO -   訓練 KNN: 0.03 秒 (0.4%)
2026-01-02 06:19:51,873 - INFO -   評估: 1.05 秒 (14.3%)
2026-01-02 06:19:51,873 - INFO - 
2026-01-02 06:19:51,873 - INFO - 實驗完成: 實驗2
