2025-12-30 17:22:50,640 - INFO - 開始實驗: 實驗6
2025-12-30 17:24:12,545 - INFO - 
2025-12-30 17:24:12,545 - INFO - 評估結果 (樣本數: 500)
2025-12-30 17:24:12,545 - INFO - 
2025-12-30 17:24:12,546 - INFO - 排序指標:
2025-12-30 17:24:12,546 - INFO -   Precision@10 = 0.0668
2025-12-30 17:24:12,546 - INFO -   Recall@10    = 0.6680
2025-12-30 17:24:12,546 - INFO -   Hit Rate@10  = 0.6680
2025-12-30 17:24:12,546 - INFO -   MRR          = 0.4841
2025-12-30 17:24:12,546 - INFO -   NDCG@10      = 0.5280
2025-12-30 17:24:12,546 - INFO - 
2025-12-30 17:24:12,547 - INFO - 評分預測指標:
2025-12-30 17:24:12,547 - INFO -   RMSE = 0.9753
2025-12-30 17:24:12,547 - INFO -   MAE  = 0.8627
2025-12-30 17:24:12,547 - INFO - 
2025-12-30 17:24:12,547 - INFO - 系統資源:
2025-12-30 17:24:12,547 - INFO -   記憶體峰值: 2384.55 MB
2025-12-30 17:24:12,547 - INFO - 
2025-12-30 17:24:12,548 - INFO - 總執行時間: 81.88 秒
2025-12-30 17:24:12,548 - INFO - 各階段執行時間:
2025-12-30 17:24:12,548 - INFO -   載入資料: 6.99 秒 (8.5%)
2025-12-30 17:24:12,548 - INFO -   建立映射: 0.58 秒 (0.7%)
2025-12-30 17:24:12,548 - INFO -   計算 Item Bias: 0.20 秒 (0.2%)
2025-12-30 17:24:12,548 - INFO -   建立稀疏矩陣: 0.15 秒 (0.2%)
2025-12-30 17:24:12,548 - INFO -   SVD 降維: 13.10 秒 (16.0%)
2025-12-30 17:24:12,549 - INFO -   訓練 KNN: 0.03 秒 (0.0%)
2025-12-30 17:24:12,549 - INFO -   評估: 60.83 秒 (74.3%)
2025-12-30 17:24:12,549 - INFO - 
2025-12-30 17:24:12,549 - INFO - 實驗完成: 實驗6
