2025-12-30 17:24:13,452 - INFO - 開始實驗: 實驗7
2025-12-30 17:25:58,579 - INFO - 
2025-12-30 17:25:58,580 - INFO - 評估結果 (樣本數: 500)
2025-12-30 17:25:58,580 - INFO - 
2025-12-30 17:25:58,580 - INFO - 排序指標:
2025-12-30 17:25:58,580 - INFO -   Precision@10 = 0.0622
2025-12-30 17:25:58,580 - INFO -   Recall@10    = 0.6220
2025-12-30 17:25:58,580 - INFO -   Hit Rate@10  = 0.6220
2025-12-30 17:25:58,580 - INFO -   MRR          = 0.4357
2025-12-30 17:25:58,580 - INFO -   NDCG@10      = 0.4800
2025-12-30 17:25:58,580 - INFO - 
2025-12-30 17:25:58,580 - INFO - 評分預測指標:
2025-12-30 17:25:58,580 - INFO -   RMSE = 1.0098
2025-12-30 17:25:58,580 - INFO -   MAE  = 0.8932
2025-12-30 17:25:58,580 - INFO - 
2025-12-30 17:25:58,580 - INFO - 系統資源:
2025-12-30 17:25:58,580 - INFO -   記憶體峰值: 4623.22 MB
2025-12-30 17:25:58,580 - INFO - 
2025-12-30 17:25:58,580 - INFO - 總執行時間: 105.10 秒
2025-12-30 17:25:58,580 - INFO - 各階段執行時間:
2025-12-30 17:25:58,580 - INFO -   載入資料: 19.93 秒 (19.0%)
2025-12-30 17:25:58,580 - INFO -   建立映射: 0.64 秒 (0.6%)
2025-12-30 17:25:58,580 - INFO -   建立稀疏矩陣: 0.79 秒 (0.7%)
2025-12-30 17:25:58,580 - INFO -   SVD 降維: 16.08 秒 (15.3%)
2025-12-30 17:25:58,580 - INFO -   訓練 KNN: 0.03 秒 (0.0%)
2025-12-30 17:25:58,580 - INFO -   評估: 67.63 秒 (64.4%)
2025-12-30 17:25:58,580 - INFO - 
2025-12-30 17:25:58,580 - INFO - 實驗完成: 實驗7
