2025-12-30 17:15:40,283 - INFO - 開始實驗: 實驗1
2025-12-30 17:19:37,950 - INFO - 
2025-12-30 17:19:37,950 - INFO - 評估結果 (樣本數: 500)
2025-12-30 17:19:37,950 - INFO - 
2025-12-30 17:19:37,951 - INFO - 排序指標:
2025-12-30 17:19:37,951 - INFO -   Precision@10 = 0.0558
2025-12-30 17:19:37,951 - INFO -   Recall@10    = 0.5580
2025-12-30 17:19:37,951 - INFO -   Hit Rate@10  = 0.5580
2025-12-30 17:19:37,951 - INFO -   MRR          = 0.3636
2025-12-30 17:19:37,951 - INFO -   NDCG@10      = 0.4100
2025-12-30 17:19:37,951 - INFO - 
2025-12-30 17:19:37,952 - INFO - 評分預測指標:
2025-12-30 17:19:37,952 - INFO -   RMSE = 1.0514
2025-12-30 17:19:37,952 - INFO -   MAE  = 0.9253
2025-12-30 17:19:37,952 - INFO - 
2025-12-30 17:19:37,952 - INFO - 系統資源:
2025-12-30 17:19:37,952 - INFO -   記憶體峰值: 1407.05 MB
2025-12-30 17:19:37,952 - INFO - 
2025-12-30 17:19:37,953 - INFO - 總執行時間: 237.58 秒
2025-12-30 17:19:37,953 - INFO - 各階段執行時間:
2025-12-30 17:19:37,953 - INFO -   載入資料: 8.54 秒 (3.6%)
2025-12-30 17:19:37,953 - INFO -   建立映射: 0.07 秒 (0.0%)
2025-12-30 17:19:37,953 - INFO -   建立稀疏矩陣: 0.07 秒 (0.0%)
2025-12-30 17:19:37,953 - INFO -   訓練 KNN: 0.06 秒 (0.0%)
2025-12-30 17:19:37,953 - INFO -   評估: 228.83 秒 (96.3%)
2025-12-30 17:19:37,954 - INFO - 
2025-12-30 17:19:37,954 - INFO - 實驗完成: 實驗1
