2026-01-02 06:10:20,720 - INFO - 開始實驗: 實驗12
2026-01-02 06:10:40,916 - INFO - 
2026-01-02 06:10:40,916 - INFO - 已寫入 JSON 摘要: 實驗12.json
2026-01-02 06:10:40,916 - INFO - 評估結果 (樣本數: 500)
2026-01-02 06:10:40,916 - INFO - 
2026-01-02 06:10:40,916 - INFO - 排序指標:
2026-01-02 06:10:40,916 - INFO -   Precision@10 = 0.0652
2026-01-02 06:10:40,916 - INFO -   Recall@10    = 0.6520
2026-01-02 06:10:40,916 - INFO -   Hit Rate@10  = 0.6520
2026-01-02 06:10:40,916 - INFO -   MRR          = 0.4761
2026-01-02 06:10:40,916 - INFO -   NDCG@10      = 0.5183
2026-01-02 06:10:40,916 - INFO - 
2026-01-02 06:10:40,916 - INFO - 評分預測指標:
2026-01-02 06:10:40,917 - INFO -   RMSE = 0.9824
2026-01-02 06:10:40,917 - INFO -   MAE  = 0.8621
2026-01-02 06:10:40,917 - INFO - 
2026-01-02 06:10:40,917 - INFO - 系統資源:
2026-01-02 06:10:40,917 - INFO -   記憶體峰值: 2606.99 MB
2026-01-02 06:10:40,917 - INFO - 
2026-01-02 06:10:40,917 - INFO - 總執行時間: 20.16 秒
2026-01-02 06:10:40,917 - INFO - 各階段執行時間:
2026-01-02 06:10:40,917 - INFO -   載入資料: 6.07 秒 (30.1%)
2026-01-02 06:10:40,917 - INFO -   建立映射: 0.51 秒 (2.5%)
2026-01-02 06:10:40,917 - INFO -   建立稀疏矩陣: 0.12 秒 (0.6%)
2026-01-02 06:10:40,917 - INFO -   SVD 降維: 11.64 秒 (57.7%)
2026-01-02 06:10:40,917 - INFO -   訓練 KNN: 0.04 秒 (0.2%)
2026-01-02 06:10:40,917 - INFO -   評估: 1.79 秒 (8.9%)
2026-01-02 06:10:40,917 - INFO - 
2026-01-02 06:10:40,917 - INFO - 實驗完成: 實驗12
