2025-12-30 17:21:09,864 - INFO - 開始實驗: 實驗4
2025-12-30 17:21:59,241 - INFO - 
2025-12-30 17:21:59,241 - INFO - 評估結果 (樣本數: 500)
2025-12-30 17:21:59,242 - INFO - 
2025-12-30 17:21:59,242 - INFO - 排序指標:
2025-12-30 17:21:59,242 - INFO -   Precision@10 = 0.0614
2025-12-30 17:21:59,242 - INFO -   Recall@10    = 0.6140
2025-12-30 17:21:59,242 - INFO -   Hit Rate@10  = 0.6140
2025-12-30 17:21:59,242 - INFO -   MRR          = 0.4165
2025-12-30 17:21:59,242 - INFO -   NDCG@10      = 0.4640
2025-12-30 17:21:59,243 - INFO - 
2025-12-30 17:21:59,243 - INFO - 評分預測指標:
2025-12-30 17:21:59,243 - INFO -   RMSE = 1.0473
2025-12-30 17:21:59,243 - INFO -   MAE  = 0.9106
2025-12-30 17:21:59,243 - INFO - 
2025-12-30 17:21:59,243 - INFO - 系統資源:
2025-12-30 17:21:59,243 - INFO -   記憶體峰值: 1825.27 MB
2025-12-30 17:21:59,244 - INFO - 
2025-12-30 17:21:59,244 - INFO - 總執行時間: 49.35 秒
2025-12-30 17:21:59,244 - INFO - 各階段執行時間:
2025-12-30 17:21:59,244 - INFO -   載入資料: 7.03 秒 (14.3%)
2025-12-30 17:21:59,244 - INFO -   建立映射: 0.58 秒 (1.2%)
2025-12-30 17:21:59,244 - INFO -   建立稀疏矩陣: 0.15 秒 (0.3%)
2025-12-30 17:21:59,244 - INFO -   SVD 降維: 5.38 秒 (10.9%)
2025-12-30 17:21:59,244 - INFO -   訓練 KNN: 0.03 秒 (0.1%)
2025-12-30 17:21:59,245 - INFO -   評估: 36.18 秒 (73.3%)
2025-12-30 17:21:59,245 - INFO - 
2025-12-30 17:21:59,245 - INFO - 實驗完成: 實驗4
