2026-01-02 06:10:41,655 - INFO - 開始實驗: 實驗13
2026-01-02 06:11:03,324 - INFO - 
2026-01-02 06:11:03,325 - INFO - 已寫入 JSON 摘要: 實驗13.json
2026-01-02 06:11:03,325 - INFO - 評估結果 (樣本數: 500)
2026-01-02 06:11:03,325 - INFO - 
2026-01-02 06:11:03,325 - INFO - 排序指標:
2026-01-02 06:11:03,325 - INFO -   Precision@10 = 0.0666
2026-01-02 06:11:03,325 - INFO -   Recall@10    = 0.6660
2026-01-02 06:11:03,325 - INFO -   Hit Rate@10  = 0.6660
2026-01-02 06:11:03,325 - INFO -   MRR          = 0.4855
2026-01-02 06:11:03,325 - INFO -   NDCG@10      = 0.5288
2026-01-02 06:11:03,325 - INFO - 
2026-01-02 06:11:03,325 - INFO - 評分預測指標:
2026-01-02 06:11:03,325 - INFO -   RMSE = 0.9708
2026-01-02 06:11:03,325 - INFO -   MAE  = 0.8596
2026-01-02 06:11:03,325 - INFO - 
2026-01-02 06:11:03,325 - INFO - 系統資源:
2026-01-02 06:11:03,325 - INFO -   記憶體峰值: 2580.31 MB
2026-01-02 06:11:03,325 - INFO - 
2026-01-02 06:11:03,325 - INFO - 總執行時間: 21.64 秒
2026-01-02 06:11:03,325 - INFO - 各階段執行時間:
2026-01-02 06:11:03,325 - INFO -   載入資料: 6.09 秒 (28.1%)
2026-01-02 06:11:03,325 - INFO -   建立映射: 0.50 秒 (2.3%)
2026-01-02 06:11:03,325 - INFO -   建立稀疏矩陣: 0.12 秒 (0.6%)
2026-01-02 06:11:03,325 - INFO -   SVD 降維: 12.74 秒 (58.9%)
2026-01-02 06:11:03,325 - INFO -   訓練 KNN: 0.04 秒 (0.2%)
2026-01-02 06:11:03,325 - INFO -   評估: 2.16 秒 (10.0%)
2026-01-02 06:11:03,325 - INFO - 
2026-01-02 06:11:03,325 - INFO - 實驗完成: 實驗13
