2026-01-02 06:22:37,788 - INFO - 開始實驗: 實驗20
2026-01-02 06:22:57,809 - INFO - 
2026-01-02 06:22:57,810 - INFO - 已寫入 JSON 摘要: 實驗20.json
2026-01-02 06:22:57,810 - INFO - 評估結果 (樣本數: 500)
2026-01-02 06:22:57,810 - INFO - 
2026-01-02 06:22:57,810 - INFO - 排序指標:
2026-01-02 06:22:57,810 - INFO -   Precision@10 = 0.0668
2026-01-02 06:22:57,810 - INFO -   Recall@10    = 0.6680
2026-01-02 06:22:57,810 - INFO -   Hit Rate@10  = 0.6680
2026-01-02 06:22:57,810 - INFO -   MRR          = 0.4841
2026-01-02 06:22:57,810 - INFO -   NDCG@10      = 0.5280
2026-01-02 06:22:57,810 - INFO - 
2026-01-02 06:22:57,810 - INFO - 評分預測指標:
2026-01-02 06:22:57,810 - INFO -   RMSE = 0.9753
2026-01-02 06:22:57,810 - INFO -   MAE  = 0.8627
2026-01-02 06:22:57,810 - INFO - 
2026-01-02 06:22:57,810 - INFO - 系統資源:
2026-01-02 06:22:57,810 - INFO -   記憶體峰值: 2582.03 MB
2026-01-02 06:22:57,810 - INFO - 
2026-01-02 06:22:57,810 - INFO - 總執行時間: 19.99 秒
2026-01-02 06:22:57,810 - INFO - 各階段執行時間:
2026-01-02 06:22:57,810 - INFO -   載入資料: 6.20 秒 (31.0%)
2026-01-02 06:22:57,810 - INFO -   建立映射: 0.50 秒 (2.5%)
2026-01-02 06:22:57,810 - INFO -   計算 Item Bias: 0.17 秒 (0.9%)
2026-01-02 06:22:57,810 - INFO -   建立稀疏矩陣: 0.12 秒 (0.6%)
2026-01-02 06:22:57,810 - INFO -   SVD 降維: 10.58 秒 (52.9%)
2026-01-02 06:22:57,810 - INFO -   訓練 KNN: 0.04 秒 (0.2%)
2026-01-02 06:22:57,810 - INFO -   評估: 2.38 秒 (11.9%)
2026-01-02 06:22:57,810 - INFO - 
2026-01-02 06:22:57,810 - INFO - 實驗完成: 實驗20
