2026-01-02 06:08:53,149 - INFO - 開始實驗: 實驗8
2026-01-02 06:09:12,753 - INFO - 
2026-01-02 06:09:12,754 - INFO - 已寫入 JSON 摘要: 實驗8.json
2026-01-02 06:09:12,754 - INFO - 評估結果 (樣本數: 500)
2026-01-02 06:09:12,754 - INFO - 
2026-01-02 06:09:12,754 - INFO - 排序指標:
2026-01-02 06:09:12,754 - INFO -   Precision@10 = 0.0652
2026-01-02 06:09:12,754 - INFO -   Recall@10    = 0.6520
2026-01-02 06:09:12,754 - INFO -   Hit Rate@10  = 0.6520
2026-01-02 06:09:12,754 - INFO -   MRR          = 0.4761
2026-01-02 06:09:12,754 - INFO -   NDCG@10      = 0.5183
2026-01-02 06:09:12,754 - INFO - 
2026-01-02 06:09:12,754 - INFO - 評分預測指標:
2026-01-02 06:09:12,754 - INFO -   RMSE = 0.9824
2026-01-02 06:09:12,754 - INFO -   MAE  = 0.8621
2026-01-02 06:09:12,754 - INFO - 
2026-01-02 06:09:12,754 - INFO - 系統資源:
2026-01-02 06:09:12,754 - INFO -   記憶體峰值: 2645.14 MB
2026-01-02 06:09:12,754 - INFO - 
2026-01-02 06:09:12,754 - INFO - 總執行時間: 19.57 秒
2026-01-02 06:09:12,754 - INFO - 各階段執行時間:
2026-01-02 06:09:12,754 - INFO -   載入資料: 6.18 秒 (31.6%)
2026-01-02 06:09:12,754 - INFO -   建立映射: 0.50 秒 (2.6%)
2026-01-02 06:09:12,754 - INFO -   建立稀疏矩陣: 0.12 秒 (0.6%)
2026-01-02 06:09:12,754 - INFO -   SVD 降維: 10.97 秒 (56.1%)
2026-01-02 06:09:12,754 - INFO -   訓練 KNN: 0.04 秒 (0.2%)
2026-01-02 06:09:12,754 - INFO -   評估: 1.77 秒 (9.0%)
2026-01-02 06:09:12,754 - INFO - 
2026-01-02 06:09:12,754 - INFO - 實驗完成: 實驗8
