2026-01-02 06:13:13,963 - INFO - 開始實驗: 實驗22
2026-01-02 06:13:34,755 - INFO - 
2026-01-02 06:13:34,755 - INFO - 已寫入 JSON 摘要: 實驗22.json
2026-01-02 06:13:34,755 - INFO - 評估結果 (樣本數: 500)
2026-01-02 06:13:34,755 - INFO - 
2026-01-02 06:13:34,755 - INFO - 排序指標:
2026-01-02 06:13:34,755 - INFO -   Precision@10 = 0.0530
2026-01-02 06:13:34,755 - INFO -   Recall@10    = 0.5300
2026-01-02 06:13:34,755 - INFO -   Hit Rate@10  = 0.5300
2026-01-02 06:13:34,756 - INFO -   MRR          = 0.2885
2026-01-02 06:13:34,756 - INFO -   NDCG@10      = 0.3454
2026-01-02 06:13:34,756 - INFO - 
2026-01-02 06:13:34,756 - INFO - 評分預測指標:
2026-01-02 06:13:34,756 - INFO -   RMSE = 1.0094
2026-01-02 06:13:34,756 - INFO -   MAE  = 0.9080
2026-01-02 06:13:34,756 - INFO - 
2026-01-02 06:13:34,756 - INFO - 系統資源:
2026-01-02 06:13:34,756 - INFO -   記憶體峰值: 4870.08 MB
2026-01-02 06:13:34,756 - INFO - 
2026-01-02 06:13:34,756 - INFO - 總執行時間: 20.76 秒
2026-01-02 06:13:34,756 - INFO - 各階段執行時間:
2026-01-02 06:13:34,756 - INFO -   載入資料: 6.21 秒 (29.9%)
2026-01-02 06:13:34,756 - INFO -   建立映射: 0.50 秒 (2.4%)
2026-01-02 06:13:34,756 - INFO -   建立稀疏矩陣: 0.79 秒 (3.8%)
2026-01-02 06:13:34,756 - INFO -   SVD 降維: 10.64 秒 (51.3%)
2026-01-02 06:13:34,756 - INFO -   訓練 KNN: 0.04 秒 (0.2%)
2026-01-02 06:13:34,756 - INFO -   評估: 2.57 秒 (12.4%)
2026-01-02 06:13:34,756 - INFO - 
2026-01-02 06:13:34,756 - INFO - 實驗完成: 實驗22
