2026-01-02 06:09:36,285 - INFO - 開始實驗: 實驗10
2026-01-02 06:10:00,165 - INFO - 
2026-01-02 06:10:00,165 - INFO - 已寫入 JSON 摘要: 實驗10.json
2026-01-02 06:10:00,165 - INFO - 評估結果 (樣本數: 500)
2026-01-02 06:10:00,165 - INFO - 
2026-01-02 06:10:00,165 - INFO - 排序指標:
2026-01-02 06:10:00,165 - INFO -   Precision@10 = 0.0688
2026-01-02 06:10:00,165 - INFO -   Recall@10    = 0.6880
2026-01-02 06:10:00,165 - INFO -   Hit Rate@10  = 0.6880
2026-01-02 06:10:00,165 - INFO -   MRR          = 0.4937
2026-01-02 06:10:00,165 - INFO -   NDCG@10      = 0.5399
2026-01-02 06:10:00,165 - INFO - 
2026-01-02 06:10:00,165 - INFO - 評分預測指標:
2026-01-02 06:10:00,165 - INFO -   RMSE = 0.9572
2026-01-02 06:10:00,165 - INFO -   MAE  = 0.8443
2026-01-02 06:10:00,165 - INFO - 
2026-01-02 06:10:00,165 - INFO - 系統資源:
2026-01-02 06:10:00,166 - INFO -   記憶體峰值: 2853.77 MB
2026-01-02 06:10:00,166 - INFO - 
2026-01-02 06:10:00,166 - INFO - 總執行時間: 23.85 秒
2026-01-02 06:10:00,166 - INFO - 各階段執行時間:
2026-01-02 06:10:00,166 - INFO -   載入資料: 6.26 秒 (26.2%)
2026-01-02 06:10:00,166 - INFO -   建立映射: 0.51 秒 (2.1%)
2026-01-02 06:10:00,166 - INFO -   建立稀疏矩陣: 0.12 秒 (0.5%)
2026-01-02 06:10:00,166 - INFO -   SVD 降維: 15.05 秒 (63.1%)
2026-01-02 06:10:00,166 - INFO -   訓練 KNN: 0.03 秒 (0.1%)
2026-01-02 06:10:00,166 - INFO -   評估: 1.87 秒 (7.8%)
2026-01-02 06:10:00,166 - INFO - 
2026-01-02 06:10:00,166 - INFO - 實驗完成: 實驗10
