2026-01-02 06:11:04,043 - INFO - 開始實驗: 實驗14
2026-01-02 06:11:24,379 - INFO - 
2026-01-02 06:11:24,380 - INFO - 已寫入 JSON 摘要: 實驗14.json
2026-01-02 06:11:24,380 - INFO - 評估結果 (樣本數: 500)
2026-01-02 06:11:24,380 - INFO - 
2026-01-02 06:11:24,380 - INFO - 排序指標:
2026-01-02 06:11:24,380 - INFO -   Precision@10 = 0.0676
2026-01-02 06:11:24,380 - INFO -   Recall@10    = 0.6760
2026-01-02 06:11:24,380 - INFO -   Hit Rate@10  = 0.6760
2026-01-02 06:11:24,380 - INFO -   MRR          = 0.4845
2026-01-02 06:11:24,380 - INFO -   NDCG@10      = 0.5302
2026-01-02 06:11:24,380 - INFO - 
2026-01-02 06:11:24,380 - INFO - 評分預測指標:
2026-01-02 06:11:24,380 - INFO -   RMSE = 0.9730
2026-01-02 06:11:24,380 - INFO -   MAE  = 0.8626
2026-01-02 06:11:24,380 - INFO - 
2026-01-02 06:11:24,380 - INFO - 系統資源:
2026-01-02 06:11:24,380 - INFO -   記憶體峰值: 2607.00 MB
2026-01-02 06:11:24,380 - INFO - 
2026-01-02 06:11:24,380 - INFO - 總執行時間: 20.30 秒
2026-01-02 06:11:24,380 - INFO - 各階段執行時間:
2026-01-02 06:11:24,380 - INFO -   載入資料: 6.16 秒 (30.3%)
2026-01-02 06:11:24,380 - INFO -   建立映射: 0.51 秒 (2.5%)
2026-01-02 06:11:24,380 - INFO -   建立稀疏矩陣: 0.12 秒 (0.6%)
2026-01-02 06:11:24,380 - INFO -   SVD 降維: 11.07 秒 (54.5%)
2026-01-02 06:11:24,380 - INFO -   訓練 KNN: 0.04 秒 (0.2%)
2026-01-02 06:11:24,380 - INFO -   評估: 2.41 秒 (11.8%)
2026-01-02 06:11:24,380 - INFO - 
2026-01-02 06:11:24,380 - INFO - 實驗完成: 實驗14
