2026-01-02 06:12:30,604 - INFO - 開始實驗: 實驗18
2026-01-02 06:12:50,538 - INFO - 
2026-01-02 06:12:50,539 - INFO - 已寫入 JSON 摘要: 實驗18.json
2026-01-02 06:12:50,539 - INFO - 評估結果 (樣本數: 500)
2026-01-02 06:12:50,539 - INFO - 
2026-01-02 06:12:50,539 - INFO - 排序指標:
2026-01-02 06:12:50,539 - INFO -   Precision@10 = 0.0668
2026-01-02 06:12:50,539 - INFO -   Recall@10    = 0.6680
2026-01-02 06:12:50,539 - INFO -   Hit Rate@10  = 0.6680
2026-01-02 06:12:50,539 - INFO -   MRR          = 0.4841
2026-01-02 06:12:50,539 - INFO -   NDCG@10      = 0.5280
2026-01-02 06:12:50,539 - INFO - 
2026-01-02 06:12:50,539 - INFO - 評分預測指標:
2026-01-02 06:12:50,539 - INFO -   RMSE = 0.9745
2026-01-02 06:12:50,539 - INFO -   MAE  = 0.8650
2026-01-02 06:12:50,539 - INFO - 
2026-01-02 06:12:50,539 - INFO - 系統資源:
2026-01-02 06:12:50,539 - INFO -   記憶體峰值: 2612.34 MB
2026-01-02 06:12:50,539 - INFO - 
2026-01-02 06:12:50,539 - INFO - 總執行時間: 19.90 秒
2026-01-02 06:12:50,539 - INFO - 各階段執行時間:
2026-01-02 06:12:50,539 - INFO -   載入資料: 6.13 秒 (30.8%)
2026-01-02 06:12:50,539 - INFO -   建立映射: 0.51 秒 (2.5%)
2026-01-02 06:12:50,539 - INFO -   建立稀疏矩陣: 0.12 秒 (0.6%)
2026-01-02 06:12:50,539 - INFO -   SVD 降維: 10.52 秒 (52.9%)
2026-01-02 06:12:50,539 - INFO -   訓練 KNN: 0.04 秒 (0.2%)
2026-01-02 06:12:50,539 - INFO -   評估: 2.59 秒 (13.0%)
2026-01-02 06:12:50,539 - INFO - 
2026-01-02 06:12:50,539 - INFO - 實驗完成: 實驗18
