2026-01-02 06:09:13,492 - INFO - 開始實驗: 實驗9
2026-01-02 06:09:35,525 - INFO - 
2026-01-02 06:09:35,525 - INFO - 已寫入 JSON 摘要: 實驗9.json
2026-01-02 06:09:35,525 - INFO - 評估結果 (樣本數: 500)
2026-01-02 06:09:35,525 - INFO - 
2026-01-02 06:09:35,525 - INFO - 排序指標:
2026-01-02 06:09:35,525 - INFO -   Precision@10 = 0.0662
2026-01-02 06:09:35,525 - INFO -   Recall@10    = 0.6620
2026-01-02 06:09:35,525 - INFO -   Hit Rate@10  = 0.6620
2026-01-02 06:09:35,525 - INFO -   MRR          = 0.4840
2026-01-02 06:09:35,525 - INFO -   NDCG@10      = 0.5267
2026-01-02 06:09:35,525 - INFO - 
2026-01-02 06:09:35,525 - INFO - 評分預測指標:
2026-01-02 06:09:35,525 - INFO -   RMSE = 0.9774
2026-01-02 06:09:35,525 - INFO -   MAE  = 0.8524
2026-01-02 06:09:35,525 - INFO - 
2026-01-02 06:09:35,525 - INFO - 系統資源:
2026-01-02 06:09:35,525 - INFO -   記憶體峰值: 2678.07 MB
2026-01-02 06:09:35,526 - INFO - 
2026-01-02 06:09:35,526 - INFO - 總執行時間: 22.00 秒
2026-01-02 06:09:35,526 - INFO - 各階段執行時間:
2026-01-02 06:09:35,526 - INFO -   載入資料: 6.06 秒 (27.6%)
2026-01-02 06:09:35,526 - INFO -   建立映射: 0.51 秒 (2.3%)
2026-01-02 06:09:35,526 - INFO -   建立稀疏矩陣: 0.12 秒 (0.5%)
2026-01-02 06:09:35,526 - INFO -   SVD 降維: 13.58 秒 (61.7%)
2026-01-02 06:09:35,526 - INFO -   訓練 KNN: 0.03 秒 (0.2%)
2026-01-02 06:09:35,526 - INFO -   評估: 1.70 秒 (7.7%)
2026-01-02 06:09:35,526 - INFO - 
2026-01-02 06:09:35,526 - INFO - 實驗完成: 實驗9
