2026-01-02 06:11:46,924 - INFO - 開始實驗: 實驗16
2026-01-02 06:12:07,684 - INFO - 
2026-01-02 06:12:07,684 - INFO - 已寫入 JSON 摘要: 實驗16.json
2026-01-02 06:12:07,685 - INFO - 評估結果 (樣本數: 500)
2026-01-02 06:12:07,685 - INFO - 
2026-01-02 06:12:07,685 - INFO - 排序指標:
2026-01-02 06:12:07,685 - INFO -   Precision@10 = 0.0652
2026-01-02 06:12:07,685 - INFO -   Recall@10    = 0.6520
2026-01-02 06:12:07,685 - INFO -   Hit Rate@10  = 0.6520
2026-01-02 06:12:07,685 - INFO -   MRR          = 0.4779
2026-01-02 06:12:07,685 - INFO -   NDCG@10      = 0.5198
2026-01-02 06:12:07,685 - INFO - 
2026-01-02 06:12:07,685 - INFO - 評分預測指標:
2026-01-02 06:12:07,685 - INFO -   RMSE = 0.9687
2026-01-02 06:12:07,685 - INFO -   MAE  = 0.8684
2026-01-02 06:12:07,685 - INFO - 
2026-01-02 06:12:07,685 - INFO - 系統資源:
2026-01-02 06:12:07,685 - INFO -   記憶體峰值: 2556.54 MB
2026-01-02 06:12:07,685 - INFO - 
2026-01-02 06:12:07,685 - INFO - 總執行時間: 20.73 秒
2026-01-02 06:12:07,685 - INFO - 各階段執行時間:
2026-01-02 06:12:07,685 - INFO -   載入資料: 6.21 秒 (29.9%)
2026-01-02 06:12:07,685 - INFO -   建立映射: 0.51 秒 (2.4%)
2026-01-02 06:12:07,685 - INFO -   建立稀疏矩陣: 0.12 秒 (0.6%)
2026-01-02 06:12:07,685 - INFO -   SVD 降維: 10.82 秒 (52.2%)
2026-01-02 06:12:07,685 - INFO -   訓練 KNN: 0.03 秒 (0.2%)
2026-01-02 06:12:07,685 - INFO -   評估: 3.05 秒 (14.7%)
2026-01-02 06:12:07,685 - INFO - 
2026-01-02 06:12:07,685 - INFO - 實驗完成: 實驗16
