2026-01-02 06:10:00,931 - INFO - 開始實驗: 實驗11
2026-01-02 06:10:19,979 - INFO - 
2026-01-02 06:10:19,979 - INFO - 已寫入 JSON 摘要: 實驗11.json
2026-01-02 06:10:19,979 - INFO - 評估結果 (樣本數: 500)
2026-01-02 06:10:19,980 - INFO - 
2026-01-02 06:10:19,980 - INFO - 排序指標:
2026-01-02 06:10:19,980 - INFO -   Precision@10 = 0.0638
2026-01-02 06:10:19,980 - INFO -   Recall@10    = 0.6380
2026-01-02 06:10:19,980 - INFO -   Hit Rate@10  = 0.6380
2026-01-02 06:10:19,980 - INFO -   MRR          = 0.4547
2026-01-02 06:10:19,980 - INFO -   NDCG@10      = 0.4986
2026-01-02 06:10:19,980 - INFO - 
2026-01-02 06:10:19,980 - INFO - 評分預測指標:
2026-01-02 06:10:19,980 - INFO -   RMSE = 1.0223
2026-01-02 06:10:19,980 - INFO -   MAE  = 0.8784
2026-01-02 06:10:19,980 - INFO - 
2026-01-02 06:10:19,980 - INFO - 系統資源:
2026-01-02 06:10:19,980 - INFO -   記憶體峰值: 2638.25 MB
2026-01-02 06:10:19,980 - INFO - 
2026-01-02 06:10:19,980 - INFO - 總執行時間: 19.01 秒
2026-01-02 06:10:19,980 - INFO - 各階段執行時間:
2026-01-02 06:10:19,980 - INFO -   載入資料: 6.22 秒 (32.7%)
2026-01-02 06:10:19,980 - INFO -   建立映射: 0.50 秒 (2.6%)
2026-01-02 06:10:19,980 - INFO -   建立稀疏矩陣: 0.12 秒 (0.6%)
2026-01-02 06:10:19,980 - INFO -   SVD 降維: 10.69 秒 (56.2%)
2026-01-02 06:10:19,980 - INFO -   訓練 KNN: 0.04 秒 (0.2%)
2026-01-02 06:10:19,980 - INFO -   評估: 1.44 秒 (7.6%)
2026-01-02 06:10:19,980 - INFO - 
2026-01-02 06:10:19,980 - INFO - 實驗完成: 實驗11
